#######################################################
-net ./VGG_ImageNet_profall.net_sc -plat ABCI.plat -goal 1 --paratype ['f']
--cmaxB 262144.0 --cmaxp 2048.0 --cBon 32.0
====================================
Read platform from  ABCI.plat
====================================
FILE:  ABCI.plat
MEM_PER_NODE:  16000000000.0
NODE_SPEED:  7.8e+12
BANDWIDTH:  12500000000.0
LATENCY:  5e-07
MAX_NODE:  4096.0
====================================
Read dataset and DNN from  ./VGG_ImageNet_profall.net_sc
====================================
DATASET:  ImageNet
DATASET SIZE:  1280000.0
SAMPLE SIZE: 3x226x226 153228
====================================
Model:  VGG16
LAYER	 x[C,W,H] 	 w[C,F,K,K] 	 y[F,W,H] 	 TComp
0 CONV1_1 	[3, 226, 226] = 153228 	[3, 64, 3, 3] = 1728 	[64, 226, 226] = 3268864 	0.008245589
1 RELU 	[64, 226, 226] = 3268864 	[64, 64, 0, 0] = 0 	[64, 226, 226] = 3268864 	0.0
2 CONV1_2 	[64, 226, 226] = 3268864 	[64, 64, 3, 3] = 36864 	[64, 226, 226] = 3268864 	0.0
3 RELU 	[64, 226, 226] = 3268864 	[64, 64, 0, 0] = 0 	[64, 226, 226] = 3268864 	0.0
4 MPOOL 	[64, 226, 226] = 3268864 	[0, 0, 2, 2] = 0 	[64, 113, 113] = 817216 	0.0
5 CONV2_1 	[64, 113, 113] = 817216 	[64, 128, 3, 3] = 73728 	[128, 113, 113] = 1634432 	0.0
6 RELU 	[128, 113, 113] = 1634432 	[128, 128, 0, 0] = 0 	[128, 113, 113] = 1634432 	0.0
7 CONV2_2 	[128, 113, 113] = 1634432 	[128, 128, 3, 3] = 147456 	[128, 113, 113] = 1634432 	0.0
8 RELU 	[128, 113, 113] = 1634432 	[128, 128, 0, 0] = 0 	[128, 113, 113] = 1634432 	0.0
9 MPOOL 	[128, 113, 113] = 1634432 	[0, 0, 2, 2] = 0 	[128, 57, 57] = 415872 	0.0
10 CONV3_1 	[128, 57, 57] = 415872 	[128, 256, 3, 3] = 294912 	[256, 57, 57] = 831744 	0.0
11 RELU 	[256, 57, 57] = 831744 	[256, 256, 0, 0] = 0 	[256, 57, 57] = 831744 	0.0
12 CONV3_2 	[256, 57, 57] = 831744 	[256, 256, 3, 3] = 589824 	[256, 57, 57] = 831744 	0.0
13 RELU 	[256, 57, 57] = 831744 	[256, 256, 0, 0] = 0 	[256, 57, 57] = 831744 	0.0
14 CONV3_3 	[256, 57, 57] = 831744 	[256, 256, 3, 3] = 589824 	[256, 57, 57] = 831744 	0.0
15 RELU 	[256, 57, 57] = 831744 	[256, 256, 0, 0] = 0 	[256, 57, 57] = 831744 	0.0
16 MPOOL 	[256, 57, 57] = 831744 	[0, 0, 2, 2] = 0 	[256, 29, 29] = 215296 	0.0
17 CONV4_1 	[256, 29, 29] = 215296 	[256, 512, 3, 3] = 1179648 	[512, 29, 29] = 430592 	0.0
18 RELU 	[512, 29, 29] = 430592 	[512, 512, 0, 0] = 0 	[512, 29, 29] = 430592 	0.0
19 CONV4_2 	[512, 29, 29] = 430592 	[512, 512, 3, 3] = 2359296 	[512, 29, 29] = 430592 	0.0
20 RELU 	[512, 29, 29] = 430592 	[512, 512, 0, 0] = 0 	[512, 29, 29] = 430592 	0.0
21 CONV4_3 	[512, 29, 29] = 430592 	[512, 512, 3, 3] = 2359296 	[512, 29, 29] = 430592 	0.0
22 RELU 	[512, 29, 29] = 430592 	[512, 512, 0, 0] = 0 	[512, 29, 29] = 430592 	0.0
23 MPOOL 	[512, 29, 29] = 430592 	[0, 0, 2, 2] = 0 	[512, 15, 15] = 115200 	0.0
24 CONV5_1 	[512, 15, 15] = 115200 	[512, 512, 3, 3] = 2359296 	[512, 15, 15] = 115200 	0.0
25 RELU 	[512, 15, 15] = 115200 	[512, 512, 0, 0] = 0 	[512, 15, 15] = 115200 	0.0
26 CONV5_2 	[512, 15, 15] = 115200 	[512, 512, 3, 3] = 2359296 	[512, 15, 15] = 115200 	0.0
27 RELU 	[512, 15, 15] = 115200 	[512, 512, 0, 0] = 0 	[512, 15, 15] = 115200 	0.0
28 CONV5_3 	[512, 15, 15] = 115200 	[512, 512, 3, 3] = 2359296 	[512, 15, 15] = 115200 	0.0
29 RELU 	[512, 15, 15] = 115200 	[512, 512, 0, 0] = 0 	[512, 15, 15] = 115200 	0.0
30 MPOOL 	[512, 15, 15] = 115200 	[0, 0, 2, 2] = 0 	[512, 8, 8] = 32768 	0.0
31 FC6 	[512, 8, 8] = 32768 	[512, 4096, 8, 8] = 134217728 	[4096, 1, 1] = 4096 	0.0
32 RELU 	[4096, 1, 1] = 4096 	[4096, 4096, 0, 0] = 0 	[4096, 1, 1] = 4096 	0.0
33 DROPOUT 	[4096, 1, 1] = 4096 	[4096, 4096, 0, 0] = 0 	[4096, 1, 1] = 4096 	0.0
34 FC7 	[4096, 1, 1] = 4096 	[4096, 4096, 1, 1] = 16777216 	[4096, 1, 1] = 4096 	0.0
35 RELU 	[4096, 1, 1] = 4096 	[4096, 4096, 0, 0] = 0 	[4096, 1, 1] = 4096 	0.0
36 DROPOUT 	[4096, 1, 1] = 4096 	[4096, 4096, 0, 0] = 0 	[4096, 1, 1] = 4096 	0.0
37 FC8 	[4096, 1, 1] = 4096 	[4096, 1000, 1, 1] = 4096000 	[1000, 1, 1] = 1000 	0.0
Model with 38 layers
Total |x|: 15705164 items
Total |y|: 15552936 items
Total |w|: 169801408 items
Total comp: 0.008245589 sec
Max comp: 0.008245589 sec ==>121.276963962samples for 100% GPU ultilization
Max |y|: 3268864 items
Layer config [1, 0, 1, 0, 0, 1, 0, 1, 0, 0, 1, 0, 1, 0, 1, 0, 0, 1, 0, 1, 0, 1, 0, 0, 1, 0, 1, 0, 1, 0, 0, 0, 0, 0, 0, 0, 0, 0]
====================================
Model:  VGG16
LAYER	 x[C,W,H] 	 w[C,F,K,K] 	 y[F,W,H] 	 TComp
CONV1_1 	[3, 226, 226] 	[3, 64, 3, 3] 	[64, 226, 226] 	4.34765322602e-05
RELU 	[64, 226, 226] 	[64, 64, 0, 0] 	[64, 226, 226] 	8.05117027003e-07
CONV1_2 	[64, 226, 226] 	[64, 64, 3, 3] 	[64, 226, 226] 	0.000927499354885
RELU 	[64, 226, 226] 	[64, 64, 0, 0] 	[64, 226, 226] 	8.05117027003e-07
MPOOL 	[64, 226, 226] 	[0, 0, 2, 2] 	[64, 113, 113] 	5.15274897282e-05
CONV2_1 	[64, 113, 113] 	[64, 128, 3, 3] 	[128, 113, 113] 	0.00046375648711
RELU 	[128, 113, 113] 	[128, 128, 0, 0] 	[128, 113, 113] 	4.02558513501e-07
CONV2_2 	[128, 113, 113] 	[128, 128, 3, 3] 	[128, 113, 113] 	0.000927512974219
RELU 	[128, 113, 113] 	[128, 128, 0, 0] 	[128, 113, 113] 	4.02558513501e-07
MPOOL 	[128, 113, 113] 	[0, 0, 2, 2] 	[128, 57, 57] 	5.24435160551e-05
CONV3_1 	[128, 57, 57] 	[128, 256, 3, 3] 	[256, 57, 57] 	0.00047202796272
RELU 	[256, 57, 57] 	[256, 256, 0, 0] 	[256, 57, 57] 	2.0485748459e-07
CONV3_2 	[256, 57, 57] 	[256, 256, 3, 3] 	[256, 57, 57] 	0.00094405592544
RELU 	[256, 57, 57] 	[256, 256, 0, 0] 	[256, 57, 57] 	2.0485748459e-07
CONV3_3 	[256, 57, 57] 	[256, 256, 3, 3] 	[256, 57, 57] 	0.00094405592544
RELU 	[256, 57, 57] 	[256, 256, 0, 0] 	[256, 57, 57] 	2.0485748459e-07
MPOOL 	[256, 57, 57] 	[0, 0, 2, 2] 	[256, 29, 29] 	5.42997808585e-05
CONV4_1 	[256, 29, 29] 	[256, 512, 3, 3] 	[512, 29, 29] 	0.000488843300624
RELU 	[512, 29, 29] 	[512, 512, 0, 0] 	[512, 29, 29] 	1.06054259489e-07
CONV4_2 	[512, 29, 29] 	[512, 512, 3, 3] 	[512, 29, 29] 	0.000977686601249
RELU 	[512, 29, 29] 	[512, 512, 0, 0] 	[512, 29, 29] 	1.06054259489e-07
CONV4_3 	[512, 29, 29] 	[512, 512, 3, 3] 	[512, 29, 29] 	0.000977686601249
RELU 	[512, 29, 29] 	[512, 512, 0, 0] 	[512, 29, 29] 	1.06054259489e-07
MPOOL 	[512, 29, 29] 	[0, 0, 2, 2] 	[512, 15, 15] 	5.81091590638e-05
CONV5_1 	[512, 15, 15] 	[512, 512, 3, 3] 	[512, 15, 15] 	0.000261781761582
RELU 	[512, 15, 15] 	[512, 512, 0, 0] 	[512, 15, 15] 	2.83736128241e-08
CONV5_2 	[512, 15, 15] 	[512, 512, 3, 3] 	[512, 15, 15] 	0.000261781761582
RELU 	[512, 15, 15] 	[512, 512, 0, 0] 	[512, 15, 15] 	2.83736128241e-08
CONV5_3 	[512, 15, 15] 	[512, 512, 3, 3] 	[512, 15, 15] 	0.000261781761582
RELU 	[512, 15, 15] 	[512, 512, 0, 0] 	[512, 15, 15] 	2.83736128241e-08
MPOOL 	[512, 15, 15] 	[0, 0, 2, 2] 	[512, 8, 8] 	1.6528827467e-05
FC6 	[512, 8, 8] 	[512, 4096, 8, 8] 	[4096, 1, 1] 	4.95864824011e-05
RELU 	[4096, 1, 1] 	[4096, 4096, 0, 0] 	[4096, 1, 1] 	1.00883956708e-09
DROPOUT 	[4096, 1, 1] 	[4096, 4096, 0, 0] 	[4096, 1, 1] 	0.0
FC7 	[4096, 1, 1] 	[4096, 4096, 1, 1] 	[4096, 1, 1] 	6.19831030014e-06
RELU 	[4096, 1, 1] 	[4096, 4096, 0, 0] 	[4096, 1, 1] 	1.00883956708e-09
DROPOUT 	[4096, 1, 1] 	[4096, 4096, 0, 0] 	[4096, 1, 1] 	0.0
FC8 	[4096, 1, 1] 	[4096, 1000, 1, 1] 	[1000, 1, 1] 	1.51325935062e-06
****
global value g GOAL 1
MAX_MINIBATCH 262144.0
MAX_RANK 2048.0
FIX_MIRCO_BATCH 32.0
NODE_SPEED 7.8e+12
MEM_PER_NODE 16000000000.0
ITEM_PER_NODE 4000000000.0
BW_FACTOR 8e-11
LATENCY_FACTOR 5e-07
TOTAL_SAMPLE 1280000.0
GPU_PER_NODE 4

{'maxOut': 3268864, 'totalOut': 15552936, 'minFilter': 64, 'minChannel': 64, 'totalIn': 15705164, 'totalComp': 0.008245589, 'totalWeight': 169801408, 'minW': 15}
==========FILTER PARALLELISM==========
max_rank 64
Not enough memory to store model and 64.0 samples in Filter-Parallelism with 2.0 GPUs
Not enough memory to store model and 128.0 samples in Filter-Parallelism with 4.0 GPUs
Not enough memory to store model and 256.0 samples in Filter-Parallelism with 8.0 GPUs
Not enough memory to store model and 512.0 samples in Filter-Parallelism with 16.0 GPUs
Not enough memory to store model and 1024.0 samples in Filter-Parallelism with 32.0 GPUs
Not enough memory to store model and 2048.0 samples in Filter-Parallelism with 64.0 GPUs
Use FIX_MIRCO_BATCH set by user,  32.0
Get result from Case  filter3  with miniBatch 32.0 nodeNumber 2.0
Get result from Case  filter3  with miniBatch 32.0 nodeNumber 4.0
Get result from Case  filter3  with miniBatch 32.0 nodeNumber 8.0
Get result from Case  filter3  with miniBatch 32.0 nodeNumber 16.0
Get result from Case  filter3  with miniBatch 32.0 nodeNumber 32.0
Get result from Case  filter3  with miniBatch 32.0 nodeNumber 64.0
==================SUMMARY==================
name		B	p	Mem (bytes)	Tcomp (s)	Tcomm(s)	Time(s)	Cost(min*Node)
filter3		32.0	2.0	8651858304.0	5465.10787204	2155.10112	7620.20899204	256.0
filter3		32.0	4.0	8319610720.0	2920.48484805	3253.71168	6174.19652805	412.0
filter3		32.0	8.0	8159003352.0	1648.17333606	15318.41304	16966.5863761	2264.0
filter3		32.0	16.0	8080078774.0	1012.01758007	16767.2124	17779.2299801	4752.0
filter3		32.0	32.0	8040961261.5	693.939702069	18059.01528	18752.9549821	10016.0
filter3		32.0	64.0	8021488699.38	534.90076307	19839.72312	20374.6238831	21760.0
