#######################################################
-net ./RESNET50_ImageNet_profall.net_sc -plat ABCI.plat -goal 1 --paratype ['o', 'd', 'df']
--cmaxB 262144.0 --cmaxp 4096.0 --cBon 64.0
====================================
Read platform from  ABCI.plat
====================================
FILE:  ABCI.plat
MEM_PER_NODE:  16000000000.0
NODE_SPEED:  7.8e+12
BANDWIDTH:  12500000000.0
LATENCY:  5e-07
MAX_NODE:  4096.0
====================================
Read dataset and DNN from  ./RESNET50_ImageNet_profall.net_sc
# First block group
#
#
# Second block group
#
#
#
# Third block group
#
#
#
#
#
# Forth block group
#
#
# Fully connected
====================================
DATASET:  ImageNet
DATASET SIZE:  1280000.0
SAMPLE SIZE: 3x226x226 153228
====================================
Model:  ResNet50
LAYER	 x[C,W,H] 	 w[C,F,K,K] 	 y[F,W,H] 	 TComp
0 CONV_1 	[3, 226, 226] = 153228 	[3, 64, 7, 7] = 9408 	[64, 113, 113] = 817216 	0.003119502
1 BNORM 	[64, 113, 113] = 817216 	[64, 64, 0, 0] = 0 	[64, 113, 113] = 817216 	0.0
2 RELU 	[64, 113, 113] = 817216 	[64, 64, 0, 0] = 0 	[64, 113, 113] = 817216 	0.0
3 MPOOL 	[64, 113, 113] = 817216 	[0, 0, 3, 3] = 0 	[64, 56, 56] = 200704 	0.0
4 CONV_2a1 	[64, 56, 56] = 200704 	[64, 64, 1, 1] = 4096 	[64, 56, 56] = 200704 	0.0
5 BNORM 	[64, 56, 56] = 200704 	[64, 64, 0, 0] = 0 	[64, 56, 56] = 200704 	0.0
6 RELU 	[64, 56, 56] = 200704 	[64, 64, 0, 0] = 0 	[64, 56, 56] = 200704 	0.0
7 CONV_2a2 	[64, 56, 56] = 200704 	[64, 64, 3, 3] = 36864 	[64, 56, 56] = 200704 	0.0
8 BNORM 	[64, 56, 56] = 200704 	[64, 64, 0, 0] = 0 	[64, 56, 56] = 200704 	0.0
9 RELU 	[64, 56, 56] = 200704 	[64, 64, 0, 0] = 0 	[64, 56, 56] = 200704 	0.0
10 CONV_2a3 	[64, 56, 56] = 200704 	[64, 256, 1, 1] = 16384 	[256, 56, 56] = 802816 	0.0
11 BNORM 	[256, 56, 56] = 802816 	[256, 256, 0, 0] = 0 	[256, 56, 56] = 802816 	0.0
12 ADD 	[256, 56, 56] = 802816 	[256, 256, 0, 0] = 0 	[256, 56, 56] = 802816 	0.0
13 RELU 	[256, 56, 56] = 802816 	[256, 256, 0, 0] = 0 	[256, 56, 56] = 802816 	0.0
14 CONV_2b1 	[256, 56, 56] = 802816 	[256, 64, 1, 1] = 16384 	[64, 56, 56] = 200704 	0.0
15 BNORM 	[64, 56, 56] = 200704 	[64, 64, 0, 0] = 0 	[64, 56, 56] = 200704 	0.0
16 RELU 	[64, 56, 56] = 200704 	[64, 64, 0, 0] = 0 	[64, 56, 56] = 200704 	0.0
17 CONV_2b2 	[64, 56, 56] = 200704 	[64, 64, 3, 3] = 36864 	[64, 56, 56] = 200704 	0.0
18 BNORM 	[64, 56, 56] = 200704 	[64, 64, 0, 0] = 0 	[64, 56, 56] = 200704 	0.0
19 RELU 	[64, 56, 56] = 200704 	[64, 64, 0, 0] = 0 	[64, 56, 56] = 200704 	0.0
20 CONV_2b3 	[64, 56, 56] = 200704 	[64, 256, 1, 1] = 16384 	[256, 56, 56] = 802816 	0.0
21 BNORM 	[256, 56, 56] = 802816 	[256, 256, 0, 0] = 0 	[256, 56, 56] = 802816 	0.0
22 ADD 	[256, 56, 56] = 802816 	[256, 256, 0, 0] = 0 	[256, 56, 56] = 802816 	0.0
23 RELU 	[256, 56, 56] = 802816 	[256, 256, 0, 0] = 0 	[256, 56, 56] = 802816 	0.0
24 CONV_2c1 	[256, 56, 56] = 802816 	[256, 64, 1, 1] = 16384 	[64, 56, 56] = 200704 	0.0
25 BNORM 	[64, 56, 56] = 200704 	[64, 64, 0, 0] = 0 	[64, 56, 56] = 200704 	0.0
26 RELU 	[64, 56, 56] = 200704 	[64, 64, 0, 0] = 0 	[64, 56, 56] = 200704 	0.0
27 CONV_2c2 	[64, 56, 56] = 200704 	[64, 64, 3, 3] = 36864 	[64, 56, 56] = 200704 	0.0
28 BNORM 	[64, 56, 56] = 200704 	[64, 64, 0, 0] = 0 	[64, 56, 56] = 200704 	0.0
29 RELU 	[64, 56, 56] = 200704 	[64, 64, 0, 0] = 0 	[64, 56, 56] = 200704 	0.0
30 CONV_2c3 	[64, 56, 56] = 200704 	[64, 256, 1, 1] = 16384 	[256, 56, 56] = 802816 	0.0
31 BNORM 	[256, 56, 56] = 802816 	[256, 256, 0, 0] = 0 	[256, 56, 56] = 802816 	0.0
32 ADD 	[256, 56, 56] = 802816 	[256, 256, 0, 0] = 0 	[256, 56, 56] = 802816 	0.0
33 RELU 	[256, 56, 56] = 802816 	[256, 256, 0, 0] = 0 	[256, 56, 56] = 802816 	0.0
34 CONV_3a1 	[256, 56, 56] = 802816 	[256, 128, 1, 1] = 32768 	[128, 28, 28] = 100352 	0.0
35 BNORM 	[128, 28, 28] = 100352 	[128, 128, 0, 0] = 0 	[128, 28, 28] = 100352 	0.0
36 RELU 	[128, 28, 28] = 100352 	[128, 128, 0, 0] = 0 	[128, 28, 28] = 100352 	0.0
37 CONV_3a2 	[128, 28, 28] = 100352 	[128, 128, 3, 3] = 147456 	[128, 28, 28] = 100352 	0.0
38 BNORM 	[128, 28, 28] = 100352 	[128, 128, 0, 0] = 0 	[128, 28, 28] = 100352 	0.0
39 RELU 	[128, 28, 28] = 100352 	[128, 128, 0, 0] = 0 	[128, 28, 28] = 100352 	0.0
40 CONV_3a3 	[128, 28, 28] = 100352 	[128, 512, 1, 1] = 65536 	[512, 28, 28] = 401408 	0.0
41 BNORM 	[512, 28, 28] = 401408 	[512, 512, 0, 0] = 0 	[512, 28, 28] = 401408 	0.0
42 ADD 	[512, 28, 28] = 401408 	[512, 512, 0, 0] = 0 	[512, 28, 28] = 401408 	0.0
43 RELU 	[512, 28, 28] = 401408 	[512, 512, 0, 0] = 0 	[512, 28, 28] = 401408 	0.0
44 CONV_3b1 	[512, 28, 28] = 401408 	[512, 128, 1, 1] = 65536 	[128, 28, 28] = 100352 	0.0
45 BNORM 	[128, 28, 28] = 100352 	[128, 128, 0, 0] = 0 	[128, 28, 28] = 100352 	0.0
46 RELU 	[128, 28, 28] = 100352 	[128, 128, 0, 0] = 0 	[128, 28, 28] = 100352 	0.0
47 CONV_3b2 	[128, 28, 28] = 100352 	[128, 128, 3, 3] = 147456 	[128, 28, 28] = 100352 	0.0
48 BNORM 	[128, 28, 28] = 100352 	[128, 128, 0, 0] = 0 	[128, 28, 28] = 100352 	0.0
49 RELU 	[128, 28, 28] = 100352 	[128, 128, 0, 0] = 0 	[128, 28, 28] = 100352 	0.0
50 CONV_3b3 	[128, 28, 28] = 100352 	[128, 512, 1, 1] = 65536 	[512, 28, 28] = 401408 	0.0
51 BNORM 	[512, 28, 28] = 401408 	[512, 512, 0, 0] = 0 	[512, 28, 28] = 401408 	0.0
52 ADD 	[512, 28, 28] = 401408 	[512, 512, 0, 0] = 0 	[512, 28, 28] = 401408 	0.0
53 RELU 	[512, 28, 28] = 401408 	[512, 512, 0, 0] = 0 	[512, 28, 28] = 401408 	0.0
54 CONV_3c1 	[512, 28, 28] = 401408 	[512, 128, 1, 1] = 65536 	[128, 28, 28] = 100352 	0.0
55 BNORM 	[128, 28, 28] = 100352 	[128, 128, 0, 0] = 0 	[128, 28, 28] = 100352 	0.0
56 RELU 	[128, 28, 28] = 100352 	[128, 128, 0, 0] = 0 	[128, 28, 28] = 100352 	0.0
57 CONV_3c2 	[128, 28, 28] = 100352 	[128, 128, 3, 3] = 147456 	[128, 28, 28] = 100352 	0.0
58 BNORM 	[128, 28, 28] = 100352 	[128, 128, 0, 0] = 0 	[128, 28, 28] = 100352 	0.0
59 RELU 	[128, 28, 28] = 100352 	[128, 128, 0, 0] = 0 	[128, 28, 28] = 100352 	0.0
60 CONV_3c3 	[128, 28, 28] = 100352 	[128, 512, 1, 1] = 65536 	[512, 28, 28] = 401408 	0.0
61 BNORM 	[512, 28, 28] = 401408 	[512, 512, 0, 0] = 0 	[512, 28, 28] = 401408 	0.0
62 ADD 	[512, 28, 28] = 401408 	[512, 512, 0, 0] = 0 	[512, 28, 28] = 401408 	0.0
63 RELU 	[512, 28, 28] = 401408 	[512, 512, 0, 0] = 0 	[512, 28, 28] = 401408 	0.0
64 CONV_3d1 	[512, 28, 28] = 401408 	[512, 128, 1, 1] = 65536 	[128, 28, 28] = 100352 	0.0
65 BNORM 	[128, 28, 28] = 100352 	[128, 128, 0, 0] = 0 	[128, 28, 28] = 100352 	0.0
66 RELU 	[128, 28, 28] = 100352 	[128, 128, 0, 0] = 0 	[128, 28, 28] = 100352 	0.0
67 CONV_3d2 	[128, 28, 28] = 100352 	[128, 128, 3, 3] = 147456 	[128, 28, 28] = 100352 	0.0
68 BNORM 	[128, 28, 28] = 100352 	[128, 128, 0, 0] = 0 	[128, 28, 28] = 100352 	0.0
69 RELU 	[128, 28, 28] = 100352 	[128, 128, 0, 0] = 0 	[128, 28, 28] = 100352 	0.0
70 CONV_3d3 	[128, 28, 28] = 100352 	[128, 512, 1, 1] = 65536 	[512, 28, 28] = 401408 	0.0
71 BNORM 	[512, 28, 28] = 401408 	[512, 512, 0, 0] = 0 	[512, 28, 28] = 401408 	0.0
72 ADD 	[512, 28, 28] = 401408 	[512, 512, 0, 0] = 0 	[512, 28, 28] = 401408 	0.0
73 RELU 	[512, 28, 28] = 401408 	[512, 512, 0, 0] = 0 	[512, 28, 28] = 401408 	0.0
74 CONV_4a1 	[512, 28, 28] = 401408 	[512, 256, 1, 1] = 131072 	[256, 14, 14] = 50176 	0.0
75 BNORM 	[256, 14, 14] = 50176 	[256, 256, 0, 0] = 0 	[256, 14, 14] = 50176 	0.0
76 RELU 	[256, 14, 14] = 50176 	[256, 256, 0, 0] = 0 	[256, 14, 14] = 50176 	0.0
77 CONV_4a2 	[256, 14, 14] = 50176 	[256, 256, 3, 3] = 589824 	[256, 14, 14] = 50176 	0.0
78 BNORM 	[256, 14, 14] = 50176 	[256, 256, 0, 0] = 0 	[256, 14, 14] = 50176 	0.0
79 RELU 	[256, 14, 14] = 50176 	[256, 256, 0, 0] = 0 	[256, 14, 14] = 50176 	0.0
80 CONV_4a3 	[256, 14, 14] = 50176 	[256, 1024, 1, 1] = 262144 	[1024, 14, 14] = 200704 	0.0
81 BNORM 	[1024, 14, 14] = 200704 	[1024, 1024, 0, 0] = 0 	[1024, 14, 14] = 200704 	0.0
82 ADD 	[1024, 14, 14] = 200704 	[1024, 1024, 0, 0] = 0 	[1024, 14, 14] = 200704 	0.0
83 RELU 	[1024, 14, 14] = 200704 	[1024, 1024, 0, 0] = 0 	[1024, 14, 14] = 200704 	0.0
84 CONV_4b1 	[1024, 14, 14] = 200704 	[1024, 256, 1, 1] = 262144 	[256, 14, 14] = 50176 	0.0
85 BNORM 	[256, 14, 14] = 50176 	[256, 256, 0, 0] = 0 	[256, 14, 14] = 50176 	0.0
86 RELU 	[256, 14, 14] = 50176 	[256, 256, 0, 0] = 0 	[256, 14, 14] = 50176 	0.0
87 CONV_4b2 	[256, 14, 14] = 50176 	[256, 256, 3, 3] = 589824 	[256, 14, 14] = 50176 	0.0
88 BNORM 	[256, 14, 14] = 50176 	[256, 256, 0, 0] = 0 	[256, 14, 14] = 50176 	0.0
89 RELU 	[256, 14, 14] = 50176 	[256, 256, 0, 0] = 0 	[256, 14, 14] = 50176 	0.0
90 CONV_4b3 	[256, 14, 14] = 50176 	[256, 1024, 1, 1] = 262144 	[1024, 14, 14] = 200704 	0.0
91 BNORM 	[1024, 14, 14] = 200704 	[1024, 1024, 0, 0] = 0 	[1024, 14, 14] = 200704 	0.0
92 ADD 	[1024, 14, 14] = 200704 	[1024, 1024, 0, 0] = 0 	[1024, 14, 14] = 200704 	0.0
93 RELU 	[1024, 14, 14] = 200704 	[1024, 1024, 0, 0] = 0 	[1024, 14, 14] = 200704 	0.0
94 CONV_4c1 	[1024, 14, 14] = 200704 	[1024, 256, 1, 1] = 262144 	[256, 14, 14] = 50176 	0.0
95 BNORM 	[256, 14, 14] = 50176 	[256, 256, 0, 0] = 0 	[256, 14, 14] = 50176 	0.0
96 RELU 	[256, 14, 14] = 50176 	[256, 256, 0, 0] = 0 	[256, 14, 14] = 50176 	0.0
97 CONV_4c2 	[256, 14, 14] = 50176 	[256, 256, 3, 3] = 589824 	[256, 14, 14] = 50176 	0.0
98 BNORM 	[256, 14, 14] = 50176 	[256, 256, 0, 0] = 0 	[256, 14, 14] = 50176 	0.0
99 RELU 	[256, 14, 14] = 50176 	[256, 256, 0, 0] = 0 	[256, 14, 14] = 50176 	0.0
100 CONV_4c3 	[256, 14, 14] = 50176 	[256, 1024, 1, 1] = 262144 	[1024, 14, 14] = 200704 	0.0
101 BNORM 	[1024, 14, 14] = 200704 	[1024, 1024, 0, 0] = 0 	[1024, 14, 14] = 200704 	0.0
102 ADD 	[1024, 14, 14] = 200704 	[1024, 1024, 0, 0] = 0 	[1024, 14, 14] = 200704 	0.0
103 RELU 	[1024, 14, 14] = 200704 	[1024, 1024, 0, 0] = 0 	[1024, 14, 14] = 200704 	0.0
104 CONV_4d1 	[1024, 14, 14] = 200704 	[1024, 256, 1, 1] = 262144 	[256, 14, 14] = 50176 	0.0
105 BNORM 	[256, 14, 14] = 50176 	[256, 256, 0, 0] = 0 	[256, 14, 14] = 50176 	0.0
106 RELU 	[256, 14, 14] = 50176 	[256, 256, 0, 0] = 0 	[256, 14, 14] = 50176 	0.0
107 CONV_4d2 	[256, 14, 14] = 50176 	[256, 256, 3, 3] = 589824 	[256, 14, 14] = 50176 	0.0
108 BNORM 	[256, 14, 14] = 50176 	[256, 256, 0, 0] = 0 	[256, 14, 14] = 50176 	0.0
109 RELU 	[256, 14, 14] = 50176 	[256, 256, 0, 0] = 0 	[256, 14, 14] = 50176 	0.0
110 CONV_4d3 	[256, 14, 14] = 50176 	[256, 1024, 1, 1] = 262144 	[1024, 14, 14] = 200704 	0.0
111 BNORM 	[1024, 14, 14] = 200704 	[1024, 1024, 0, 0] = 0 	[1024, 14, 14] = 200704 	0.0
112 ADD 	[1024, 14, 14] = 200704 	[1024, 1024, 0, 0] = 0 	[1024, 14, 14] = 200704 	0.0
113 RELU 	[1024, 14, 14] = 200704 	[1024, 1024, 0, 0] = 0 	[1024, 14, 14] = 200704 	0.0
114 CONV_4e1 	[1024, 14, 14] = 200704 	[1024, 256, 1, 1] = 262144 	[256, 14, 14] = 50176 	0.0
115 BNORM 	[256, 14, 14] = 50176 	[256, 256, 0, 0] = 0 	[256, 14, 14] = 50176 	0.0
116 RELU 	[256, 14, 14] = 50176 	[256, 256, 0, 0] = 0 	[256, 14, 14] = 50176 	0.0
117 CONV_4e2 	[256, 14, 14] = 50176 	[256, 256, 3, 3] = 589824 	[256, 14, 14] = 50176 	0.0
118 BNORM 	[256, 14, 14] = 50176 	[256, 256, 0, 0] = 0 	[256, 14, 14] = 50176 	0.0
119 RELU 	[256, 14, 14] = 50176 	[256, 256, 0, 0] = 0 	[256, 14, 14] = 50176 	0.0
120 CONV_4e3 	[256, 14, 14] = 50176 	[256, 1024, 1, 1] = 262144 	[1024, 14, 14] = 200704 	0.0
121 BNORM 	[1024, 14, 14] = 200704 	[1024, 1024, 0, 0] = 0 	[1024, 14, 14] = 200704 	0.0
122 ADD 	[1024, 14, 14] = 200704 	[1024, 1024, 0, 0] = 0 	[1024, 14, 14] = 200704 	0.0
123 RELU 	[1024, 14, 14] = 200704 	[1024, 1024, 0, 0] = 0 	[1024, 14, 14] = 200704 	0.0
124 CONV_4f1 	[1024, 14, 14] = 200704 	[1024, 256, 1, 1] = 262144 	[256, 14, 14] = 50176 	0.0
125 BNORM 	[256, 14, 14] = 50176 	[256, 256, 0, 0] = 0 	[256, 14, 14] = 50176 	0.0
126 RELU 	[256, 14, 14] = 50176 	[256, 256, 0, 0] = 0 	[256, 14, 14] = 50176 	0.0
127 CONV_4f2 	[256, 14, 14] = 50176 	[256, 256, 3, 3] = 589824 	[256, 14, 14] = 50176 	0.0
128 BNORM 	[256, 14, 14] = 50176 	[256, 256, 0, 0] = 0 	[256, 14, 14] = 50176 	0.0
129 RELU 	[256, 14, 14] = 50176 	[256, 256, 0, 0] = 0 	[256, 14, 14] = 50176 	0.0
130 CONV_4f3 	[256, 14, 14] = 50176 	[256, 1024, 1, 1] = 262144 	[1024, 14, 14] = 200704 	0.0
131 BNORM 	[1024, 14, 14] = 200704 	[1024, 1024, 0, 0] = 0 	[1024, 14, 14] = 200704 	0.0
132 ADD 	[1024, 14, 14] = 200704 	[1024, 1024, 0, 0] = 0 	[1024, 14, 14] = 200704 	0.0
133 RELU 	[1024, 14, 14] = 200704 	[1024, 1024, 0, 0] = 0 	[1024, 14, 14] = 200704 	0.0
134 CONV_5a1 	[1024, 14, 14] = 200704 	[1024, 512, 1, 1] = 524288 	[512, 7, 7] = 25088 	0.0
135 BNORM 	[512, 7, 7] = 25088 	[512, 512, 0, 0] = 0 	[512, 7, 7] = 25088 	0.0
136 RELU 	[512, 7, 7] = 25088 	[512, 512, 0, 0] = 0 	[512, 7, 7] = 25088 	0.0
137 CONV_5a2 	[512, 7, 7] = 25088 	[512, 512, 3, 3] = 2359296 	[512, 7, 7] = 25088 	0.0
138 BNORM 	[512, 7, 7] = 25088 	[512, 512, 0, 0] = 0 	[512, 7, 7] = 25088 	0.0
139 RELU 	[512, 7, 7] = 25088 	[512, 512, 0, 0] = 0 	[512, 7, 7] = 25088 	0.0
140 CONV_5a3 	[512, 7, 7] = 25088 	[512, 2048, 1, 1] = 1048576 	[2048, 7, 7] = 100352 	0.0
141 BNORM 	[2048, 7, 7] = 100352 	[2048, 2048, 0, 0] = 0 	[2048, 7, 7] = 100352 	0.0
142 ADD 	[2048, 7, 7] = 100352 	[2048, 2048, 0, 0] = 0 	[2048, 7, 7] = 100352 	0.0
143 RELU 	[2048, 7, 7] = 100352 	[2048, 2048, 0, 0] = 0 	[2048, 7, 7] = 100352 	0.0
144 CONV_5b1 	[2048, 7, 7] = 100352 	[2048, 512, 1, 1] = 1048576 	[512, 7, 7] = 25088 	0.0
145 BNORM 	[512, 7, 7] = 25088 	[512, 512, 0, 0] = 0 	[512, 7, 7] = 25088 	0.0
146 RELU 	[512, 7, 7] = 25088 	[512, 512, 0, 0] = 0 	[512, 7, 7] = 25088 	0.0
147 CONV_5b2 	[512, 7, 7] = 25088 	[512, 512, 3, 3] = 2359296 	[512, 7, 7] = 25088 	0.0
148 BNORM 	[512, 7, 7] = 25088 	[512, 512, 0, 0] = 0 	[512, 7, 7] = 25088 	0.0
149 RELU 	[512, 7, 7] = 25088 	[512, 512, 0, 0] = 0 	[512, 7, 7] = 25088 	0.0
150 CONV_5b3 	[512, 7, 7] = 25088 	[512, 2048, 1, 1] = 1048576 	[2048, 7, 7] = 100352 	0.0
151 BNORM 	[2048, 7, 7] = 100352 	[2048, 2048, 0, 0] = 0 	[2048, 7, 7] = 100352 	0.0
152 ADD 	[2048, 7, 7] = 100352 	[2048, 2048, 0, 0] = 0 	[2048, 7, 7] = 100352 	0.0
153 RELU 	[2048, 7, 7] = 100352 	[2048, 2048, 0, 0] = 0 	[2048, 7, 7] = 100352 	0.0
154 CONV_5c1 	[2048, 7, 7] = 100352 	[2048, 512, 1, 1] = 1048576 	[512, 7, 7] = 25088 	0.0
155 BNORM 	[512, 7, 7] = 25088 	[512, 512, 0, 0] = 0 	[512, 7, 7] = 25088 	0.0
156 RELU 	[512, 7, 7] = 25088 	[512, 512, 0, 0] = 0 	[512, 7, 7] = 25088 	0.0
157 CONV_5c2 	[512, 7, 7] = 25088 	[512, 512, 3, 3] = 2359296 	[512, 7, 7] = 25088 	0.0
158 BNORM 	[512, 7, 7] = 25088 	[512, 512, 0, 0] = 0 	[512, 7, 7] = 25088 	0.0
159 RELU 	[512, 7, 7] = 25088 	[512, 512, 0, 0] = 0 	[512, 7, 7] = 25088 	0.0
160 CONV_5c3 	[512, 7, 7] = 25088 	[512, 2048, 1, 1] = 1048576 	[2048, 7, 7] = 100352 	0.0
161 BNORM 	[2048, 7, 7] = 100352 	[2048, 2048, 0, 0] = 0 	[2048, 7, 7] = 100352 	0.0
162 ADD 	[2048, 7, 7] = 100352 	[2048, 2048, 0, 0] = 0 	[2048, 7, 7] = 100352 	0.0
163 RELU 	[2048, 7, 7] = 100352 	[2048, 2048, 0, 0] = 0 	[2048, 7, 7] = 100352 	0.0
164 APOOL 	[2048, 7, 7] = 100352 	[0, 0, 7, 7] = 0 	[2048, 1, 1] = 2048 	0.0
165 FC6 	[2048, 1, 1] = 2048 	[2048, 1000, 1, 1] = 2048000 	[1000, 1, 1] = 1000 	0.0
Model with 166 layers
Total |x|: 14971596 items
Total |y|: 14819368 items
Total |w|: 22734016 items
Total comp: 0.003119502 sec
Max comp: 0.003119502 sec ==>320.563987457samples for 100% GPU ultilization
Max |y|: 817216 items
Layer config [1, 0, 0, 0, 1, 0, 0, 1, 0, 0, 1, 0, 0, 0, 1, 0, 0, 1, 0, 0, 1, 0, 0, 0, 1, 0, 0, 1, 0, 0, 1, 0, 0, 0, 1, 0, 0, 1, 0, 0, 1, 0, 0, 0, 1, 0, 0, 1, 0, 0, 1, 0, 0, 0, 1, 0, 0, 1, 0, 0, 1, 0, 0, 0, 1, 0, 0, 1, 0, 0, 1, 0, 0, 0, 1, 0, 0, 1, 0, 0, 1, 0, 0, 0, 1, 0, 0, 1, 0, 0, 1, 0, 0, 0, 1, 0, 0, 1, 0, 0, 1, 0, 0, 0, 1, 0, 0, 1, 0, 0, 1, 0, 0, 0, 1, 0, 0, 1, 0, 0, 1, 0, 0, 0, 1, 0, 0, 1, 0, 0, 1, 0, 0, 0, 1, 0, 0, 1, 0, 0, 1, 0, 0, 0, 1, 0, 0, 1, 0, 0, 1, 0, 0, 0, 1, 0, 0, 1, 0, 0, 1, 0, 0, 0, 0, 0]
====================================
Model:  ResNet50
LAYER	 x[C,W,H] 	 w[C,F,K,K] 	 y[F,W,H] 	 TComp
CONV_1 	[3, 226, 226] 	[3, 64, 7, 7] 	[64, 113, 113] 	0.00010152806185
BNORM 	[64, 113, 113] 	[64, 64, 0, 0] 	[64, 113, 113] 	1.38130713067e-06
RELU 	[64, 113, 113] 	[64, 64, 0, 0] 	[64, 113, 113] 	3.45326782668e-07
MPOOL 	[64, 113, 113] 	[0, 0, 3, 3] 	[64, 56, 56] 	4.88508261647e-05
CONV_2a1 	[64, 56, 56] 	[64, 64, 1, 1] 	[64, 56, 56] 	1.08566045606e-05
BNORM 	[64, 56, 56] 	[64, 64, 0, 0] 	[64, 56, 56] 	3.39241848366e-07
RELU 	[64, 56, 56] 	[64, 64, 0, 0] 	[64, 56, 56] 	8.48104620915e-08
CONV_2a2 	[64, 56, 56] 	[64, 64, 3, 3] 	[64, 56, 56] 	9.77094410453e-05
BNORM 	[64, 56, 56] 	[64, 64, 0, 0] 	[64, 56, 56] 	3.39241848366e-07
RELU 	[64, 56, 56] 	[64, 64, 0, 0] 	[64, 56, 56] 	8.48104620915e-08
CONV_2a3 	[64, 56, 56] 	[64, 256, 1, 1] 	[256, 56, 56] 	4.34264182424e-05
BNORM 	[256, 56, 56] 	[256, 256, 0, 0] 	[256, 56, 56] 	1.35696739346e-06
ADD 	[256, 56, 56] 	[256, 256, 0, 0] 	[256, 56, 56] 	3.39241848366e-07
RELU 	[256, 56, 56] 	[256, 256, 0, 0] 	[256, 56, 56] 	3.39241848366e-07
CONV_2b1 	[256, 56, 56] 	[256, 64, 1, 1] 	[64, 56, 56] 	4.34264182424e-05
BNORM 	[64, 56, 56] 	[64, 64, 0, 0] 	[64, 56, 56] 	3.39241848366e-07
RELU 	[64, 56, 56] 	[64, 64, 0, 0] 	[64, 56, 56] 	8.48104620915e-08
CONV_2b2 	[64, 56, 56] 	[64, 64, 3, 3] 	[64, 56, 56] 	9.77094410453e-05
BNORM 	[64, 56, 56] 	[64, 64, 0, 0] 	[64, 56, 56] 	3.39241848366e-07
RELU 	[64, 56, 56] 	[64, 64, 0, 0] 	[64, 56, 56] 	8.48104620915e-08
CONV_2b3 	[64, 56, 56] 	[64, 256, 1, 1] 	[256, 56, 56] 	4.34264182424e-05
BNORM 	[256, 56, 56] 	[256, 256, 0, 0] 	[256, 56, 56] 	1.35696739346e-06
ADD 	[256, 56, 56] 	[256, 256, 0, 0] 	[256, 56, 56] 	3.39241848366e-07
RELU 	[256, 56, 56] 	[256, 256, 0, 0] 	[256, 56, 56] 	3.39241848366e-07
CONV_2c1 	[256, 56, 56] 	[256, 64, 1, 1] 	[64, 56, 56] 	4.34264182424e-05
BNORM 	[64, 56, 56] 	[64, 64, 0, 0] 	[64, 56, 56] 	3.39241848366e-07
RELU 	[64, 56, 56] 	[64, 64, 0, 0] 	[64, 56, 56] 	8.48104620915e-08
CONV_2c2 	[64, 56, 56] 	[64, 64, 3, 3] 	[64, 56, 56] 	9.77094410453e-05
BNORM 	[64, 56, 56] 	[64, 64, 0, 0] 	[64, 56, 56] 	3.39241848366e-07
RELU 	[64, 56, 56] 	[64, 64, 0, 0] 	[64, 56, 56] 	8.48104620915e-08
CONV_2c3 	[64, 56, 56] 	[64, 256, 1, 1] 	[256, 56, 56] 	4.34264182424e-05
BNORM 	[256, 56, 56] 	[256, 256, 0, 0] 	[256, 56, 56] 	1.35696739346e-06
ADD 	[256, 56, 56] 	[256, 256, 0, 0] 	[256, 56, 56] 	3.39241848366e-07
RELU 	[256, 56, 56] 	[256, 256, 0, 0] 	[256, 56, 56] 	3.39241848366e-07
CONV_3a1 	[256, 56, 56] 	[256, 128, 1, 1] 	[128, 28, 28] 	2.17184015985e-05
BNORM 	[128, 28, 28] 	[128, 128, 0, 0] 	[128, 28, 28] 	1.69620924183e-07
RELU 	[128, 28, 28] 	[128, 128, 0, 0] 	[128, 28, 28] 	4.24052310458e-08
CONV_3a2 	[128, 28, 28] 	[128, 128, 3, 3] 	[128, 28, 28] 	9.7732807193e-05
BNORM 	[128, 28, 28] 	[128, 128, 0, 0] 	[128, 28, 28] 	1.69620924183e-07
RELU 	[128, 28, 28] 	[128, 128, 0, 0] 	[128, 28, 28] 	4.24052310458e-08
CONV_3a3 	[128, 28, 28] 	[128, 512, 1, 1] 	[512, 28, 28] 	4.34368031969e-05
BNORM 	[512, 28, 28] 	[512, 512, 0, 0] 	[512, 28, 28] 	6.78483696732e-07
ADD 	[512, 28, 28] 	[512, 512, 0, 0] 	[512, 28, 28] 	1.69620924183e-07
RELU 	[512, 28, 28] 	[512, 512, 0, 0] 	[512, 28, 28] 	1.69620924183e-07
CONV_3b1 	[512, 28, 28] 	[512, 128, 1, 1] 	[128, 28, 28] 	4.34368031969e-05
BNORM 	[128, 28, 28] 	[128, 128, 0, 0] 	[128, 28, 28] 	1.69620924183e-07
RELU 	[128, 28, 28] 	[128, 128, 0, 0] 	[128, 28, 28] 	4.24052310458e-08
CONV_3b2 	[128, 28, 28] 	[128, 128, 3, 3] 	[128, 28, 28] 	9.7732807193e-05
BNORM 	[128, 28, 28] 	[128, 128, 0, 0] 	[128, 28, 28] 	1.69620924183e-07
RELU 	[128, 28, 28] 	[128, 128, 0, 0] 	[128, 28, 28] 	4.24052310458e-08
CONV_3b3 	[128, 28, 28] 	[128, 512, 1, 1] 	[512, 28, 28] 	4.34368031969e-05
BNORM 	[512, 28, 28] 	[512, 512, 0, 0] 	[512, 28, 28] 	6.78483696732e-07
ADD 	[512, 28, 28] 	[512, 512, 0, 0] 	[512, 28, 28] 	1.69620924183e-07
RELU 	[512, 28, 28] 	[512, 512, 0, 0] 	[512, 28, 28] 	1.69620924183e-07
CONV_3c1 	[512, 28, 28] 	[512, 128, 1, 1] 	[128, 28, 28] 	4.34368031969e-05
BNORM 	[128, 28, 28] 	[128, 128, 0, 0] 	[128, 28, 28] 	1.69620924183e-07
RELU 	[128, 28, 28] 	[128, 128, 0, 0] 	[128, 28, 28] 	4.24052310458e-08
CONV_3c2 	[128, 28, 28] 	[128, 128, 3, 3] 	[128, 28, 28] 	9.7732807193e-05
BNORM 	[128, 28, 28] 	[128, 128, 0, 0] 	[128, 28, 28] 	1.69620924183e-07
RELU 	[128, 28, 28] 	[128, 128, 0, 0] 	[128, 28, 28] 	4.24052310458e-08
CONV_3c3 	[128, 28, 28] 	[128, 512, 1, 1] 	[512, 28, 28] 	4.34368031969e-05
BNORM 	[512, 28, 28] 	[512, 512, 0, 0] 	[512, 28, 28] 	6.78483696732e-07
ADD 	[512, 28, 28] 	[512, 512, 0, 0] 	[512, 28, 28] 	1.69620924183e-07
RELU 	[512, 28, 28] 	[512, 512, 0, 0] 	[512, 28, 28] 	1.69620924183e-07
CONV_3d1 	[512, 28, 28] 	[512, 128, 1, 1] 	[128, 28, 28] 	4.34368031969e-05
BNORM 	[128, 28, 28] 	[128, 128, 0, 0] 	[128, 28, 28] 	1.69620924183e-07
RELU 	[128, 28, 28] 	[128, 128, 0, 0] 	[128, 28, 28] 	4.24052310458e-08
CONV_3d2 	[128, 28, 28] 	[128, 128, 3, 3] 	[128, 28, 28] 	9.7732807193e-05
BNORM 	[128, 28, 28] 	[128, 128, 0, 0] 	[128, 28, 28] 	1.69620924183e-07
RELU 	[128, 28, 28] 	[128, 128, 0, 0] 	[128, 28, 28] 	4.24052310458e-08
CONV_3d3 	[128, 28, 28] 	[128, 512, 1, 1] 	[512, 28, 28] 	4.34368031969e-05
BNORM 	[512, 28, 28] 	[512, 512, 0, 0] 	[512, 28, 28] 	6.78483696732e-07
ADD 	[512, 28, 28] 	[512, 512, 0, 0] 	[512, 28, 28] 	1.69620924183e-07
RELU 	[512, 28, 28] 	[512, 512, 0, 0] 	[512, 28, 28] 	1.69620924183e-07
CONV_4a1 	[512, 28, 28] 	[512, 256, 1, 1] 	[256, 14, 14] 	2.17391715075e-05
BNORM 	[256, 14, 14] 	[256, 256, 0, 0] 	[256, 14, 14] 	8.48104620915e-08
RELU 	[256, 14, 14] 	[256, 256, 0, 0] 	[256, 14, 14] 	2.12026155229e-08
CONV_4a2 	[256, 14, 14] 	[256, 256, 3, 3] 	[256, 14, 14] 	9.78262717839e-05
BNORM 	[256, 14, 14] 	[256, 256, 0, 0] 	[256, 14, 14] 	8.48104620915e-08
RELU 	[256, 14, 14] 	[256, 256, 0, 0] 	[256, 14, 14] 	2.12026155229e-08
CONV_4a3 	[256, 14, 14] 	[256, 1024, 1, 1] 	[1024, 14, 14] 	4.34783430151e-05
BNORM 	[1024, 14, 14] 	[1024, 1024, 0, 0] 	[1024, 14, 14] 	3.39241848366e-07
ADD 	[1024, 14, 14] 	[1024, 1024, 0, 0] 	[1024, 14, 14] 	8.48104620915e-08
RELU 	[1024, 14, 14] 	[1024, 1024, 0, 0] 	[1024, 14, 14] 	8.48104620915e-08
CONV_4b1 	[1024, 14, 14] 	[1024, 256, 1, 1] 	[256, 14, 14] 	4.34783430151e-05
BNORM 	[256, 14, 14] 	[256, 256, 0, 0] 	[256, 14, 14] 	8.48104620915e-08
RELU 	[256, 14, 14] 	[256, 256, 0, 0] 	[256, 14, 14] 	2.12026155229e-08
CONV_4b2 	[256, 14, 14] 	[256, 256, 3, 3] 	[256, 14, 14] 	9.78262717839e-05
BNORM 	[256, 14, 14] 	[256, 256, 0, 0] 	[256, 14, 14] 	8.48104620915e-08
RELU 	[256, 14, 14] 	[256, 256, 0, 0] 	[256, 14, 14] 	2.12026155229e-08
CONV_4b3 	[256, 14, 14] 	[256, 1024, 1, 1] 	[1024, 14, 14] 	4.34783430151e-05
BNORM 	[1024, 14, 14] 	[1024, 1024, 0, 0] 	[1024, 14, 14] 	3.39241848366e-07
ADD 	[1024, 14, 14] 	[1024, 1024, 0, 0] 	[1024, 14, 14] 	8.48104620915e-08
RELU 	[1024, 14, 14] 	[1024, 1024, 0, 0] 	[1024, 14, 14] 	8.48104620915e-08
CONV_4c1 	[1024, 14, 14] 	[1024, 256, 1, 1] 	[256, 14, 14] 	4.34783430151e-05
BNORM 	[256, 14, 14] 	[256, 256, 0, 0] 	[256, 14, 14] 	8.48104620915e-08
RELU 	[256, 14, 14] 	[256, 256, 0, 0] 	[256, 14, 14] 	2.12026155229e-08
CONV_4c2 	[256, 14, 14] 	[256, 256, 3, 3] 	[256, 14, 14] 	9.78262717839e-05
BNORM 	[256, 14, 14] 	[256, 256, 0, 0] 	[256, 14, 14] 	8.48104620915e-08
RELU 	[256, 14, 14] 	[256, 256, 0, 0] 	[256, 14, 14] 	2.12026155229e-08
CONV_4c3 	[256, 14, 14] 	[256, 1024, 1, 1] 	[1024, 14, 14] 	4.34783430151e-05
BNORM 	[1024, 14, 14] 	[1024, 1024, 0, 0] 	[1024, 14, 14] 	3.39241848366e-07
ADD 	[1024, 14, 14] 	[1024, 1024, 0, 0] 	[1024, 14, 14] 	8.48104620915e-08
RELU 	[1024, 14, 14] 	[1024, 1024, 0, 0] 	[1024, 14, 14] 	8.48104620915e-08
CONV_4d1 	[1024, 14, 14] 	[1024, 256, 1, 1] 	[256, 14, 14] 	4.34783430151e-05
BNORM 	[256, 14, 14] 	[256, 256, 0, 0] 	[256, 14, 14] 	8.48104620915e-08
RELU 	[256, 14, 14] 	[256, 256, 0, 0] 	[256, 14, 14] 	2.12026155229e-08
CONV_4d2 	[256, 14, 14] 	[256, 256, 3, 3] 	[256, 14, 14] 	9.78262717839e-05
BNORM 	[256, 14, 14] 	[256, 256, 0, 0] 	[256, 14, 14] 	8.48104620915e-08
RELU 	[256, 14, 14] 	[256, 256, 0, 0] 	[256, 14, 14] 	2.12026155229e-08
CONV_4d3 	[256, 14, 14] 	[256, 1024, 1, 1] 	[1024, 14, 14] 	4.34783430151e-05
BNORM 	[1024, 14, 14] 	[1024, 1024, 0, 0] 	[1024, 14, 14] 	3.39241848366e-07
ADD 	[1024, 14, 14] 	[1024, 1024, 0, 0] 	[1024, 14, 14] 	8.48104620915e-08
RELU 	[1024, 14, 14] 	[1024, 1024, 0, 0] 	[1024, 14, 14] 	8.48104620915e-08
CONV_4e1 	[1024, 14, 14] 	[1024, 256, 1, 1] 	[256, 14, 14] 	4.34783430151e-05
BNORM 	[256, 14, 14] 	[256, 256, 0, 0] 	[256, 14, 14] 	8.48104620915e-08
RELU 	[256, 14, 14] 	[256, 256, 0, 0] 	[256, 14, 14] 	2.12026155229e-08
CONV_4e2 	[256, 14, 14] 	[256, 256, 3, 3] 	[256, 14, 14] 	9.78262717839e-05
BNORM 	[256, 14, 14] 	[256, 256, 0, 0] 	[256, 14, 14] 	8.48104620915e-08
RELU 	[256, 14, 14] 	[256, 256, 0, 0] 	[256, 14, 14] 	2.12026155229e-08
CONV_4e3 	[256, 14, 14] 	[256, 1024, 1, 1] 	[1024, 14, 14] 	4.34783430151e-05
BNORM 	[1024, 14, 14] 	[1024, 1024, 0, 0] 	[1024, 14, 14] 	3.39241848366e-07
ADD 	[1024, 14, 14] 	[1024, 1024, 0, 0] 	[1024, 14, 14] 	8.48104620915e-08
RELU 	[1024, 14, 14] 	[1024, 1024, 0, 0] 	[1024, 14, 14] 	8.48104620915e-08
CONV_4f1 	[1024, 14, 14] 	[1024, 256, 1, 1] 	[256, 14, 14] 	4.34783430151e-05
BNORM 	[256, 14, 14] 	[256, 256, 0, 0] 	[256, 14, 14] 	8.48104620915e-08
RELU 	[256, 14, 14] 	[256, 256, 0, 0] 	[256, 14, 14] 	2.12026155229e-08
CONV_4f2 	[256, 14, 14] 	[256, 256, 3, 3] 	[256, 14, 14] 	9.78262717839e-05
BNORM 	[256, 14, 14] 	[256, 256, 0, 0] 	[256, 14, 14] 	8.48104620915e-08
RELU 	[256, 14, 14] 	[256, 256, 0, 0] 	[256, 14, 14] 	2.12026155229e-08
CONV_4f3 	[256, 14, 14] 	[256, 1024, 1, 1] 	[1024, 14, 14] 	4.34783430151e-05
BNORM 	[1024, 14, 14] 	[1024, 1024, 0, 0] 	[1024, 14, 14] 	3.39241848366e-07
ADD 	[1024, 14, 14] 	[1024, 1024, 0, 0] 	[1024, 14, 14] 	8.48104620915e-08
RELU 	[1024, 14, 14] 	[1024, 1024, 0, 0] 	[1024, 14, 14] 	8.48104620915e-08
CONV_5a1 	[1024, 14, 14] 	[1024, 512, 1, 1] 	[512, 7, 7] 	2.18222511439e-05
BNORM 	[512, 7, 7] 	[512, 512, 0, 0] 	[512, 7, 7] 	4.24052310458e-08
RELU 	[512, 7, 7] 	[512, 512, 0, 0] 	[512, 7, 7] 	1.06013077614e-08
CONV_5a2 	[512, 7, 7] 	[512, 512, 3, 3] 	[512, 7, 7] 	9.82001301474e-05
BNORM 	[512, 7, 7] 	[512, 512, 0, 0] 	[512, 7, 7] 	4.24052310458e-08
RELU 	[512, 7, 7] 	[512, 512, 0, 0] 	[512, 7, 7] 	1.06013077614e-08
CONV_5a3 	[512, 7, 7] 	[512, 2048, 1, 1] 	[2048, 7, 7] 	4.36445022877e-05
BNORM 	[2048, 7, 7] 	[2048, 2048, 0, 0] 	[2048, 7, 7] 	1.69620924183e-07
ADD 	[2048, 7, 7] 	[2048, 2048, 0, 0] 	[2048, 7, 7] 	4.24052310458e-08
RELU 	[2048, 7, 7] 	[2048, 2048, 0, 0] 	[2048, 7, 7] 	4.24052310458e-08
CONV_5b1 	[2048, 7, 7] 	[2048, 512, 1, 1] 	[512, 7, 7] 	4.36445022877e-05
BNORM 	[512, 7, 7] 	[512, 512, 0, 0] 	[512, 7, 7] 	4.24052310458e-08
RELU 	[512, 7, 7] 	[512, 512, 0, 0] 	[512, 7, 7] 	1.06013077614e-08
CONV_5b2 	[512, 7, 7] 	[512, 512, 3, 3] 	[512, 7, 7] 	9.82001301474e-05
BNORM 	[512, 7, 7] 	[512, 512, 0, 0] 	[512, 7, 7] 	4.24052310458e-08
RELU 	[512, 7, 7] 	[512, 512, 0, 0] 	[512, 7, 7] 	1.06013077614e-08
CONV_5b3 	[512, 7, 7] 	[512, 2048, 1, 1] 	[2048, 7, 7] 	4.36445022877e-05
BNORM 	[2048, 7, 7] 	[2048, 2048, 0, 0] 	[2048, 7, 7] 	1.69620924183e-07
ADD 	[2048, 7, 7] 	[2048, 2048, 0, 0] 	[2048, 7, 7] 	4.24052310458e-08
RELU 	[2048, 7, 7] 	[2048, 2048, 0, 0] 	[2048, 7, 7] 	4.24052310458e-08
CONV_5c1 	[2048, 7, 7] 	[2048, 512, 1, 1] 	[512, 7, 7] 	4.36445022877e-05
BNORM 	[512, 7, 7] 	[512, 512, 0, 0] 	[512, 7, 7] 	4.24052310458e-08
RELU 	[512, 7, 7] 	[512, 512, 0, 0] 	[512, 7, 7] 	1.06013077614e-08
CONV_5c2 	[512, 7, 7] 	[512, 512, 3, 3] 	[512, 7, 7] 	9.82001301474e-05
BNORM 	[512, 7, 7] 	[512, 512, 0, 0] 	[512, 7, 7] 	4.24052310458e-08
RELU 	[512, 7, 7] 	[512, 512, 0, 0] 	[512, 7, 7] 	1.06013077614e-08
CONV_5c3 	[512, 7, 7] 	[512, 2048, 1, 1] 	[2048, 7, 7] 	4.36445022877e-05
BNORM 	[2048, 7, 7] 	[2048, 2048, 0, 0] 	[2048, 7, 7] 	1.69620924183e-07
ADD 	[2048, 7, 7] 	[2048, 2048, 0, 0] 	[2048, 7, 7] 	4.24052310458e-08
RELU 	[2048, 7, 7] 	[2048, 2048, 0, 0] 	[2048, 7, 7] 	4.24052310458e-08
APOOL 	[2048, 7, 7] 	[0, 0, 7, 7] 	[2048, 1, 1] 	8.68459131817e-05
FC6 	[2048, 1, 1] 	[2048, 1000, 1, 1] 	[1000, 1, 1] 	1.29811931773e-06
****
global value g GOAL 1
MAX_MINIBATCH 262144.0
MAX_RANK 4096.0
FIX_MIRCO_BATCH 64.0
NODE_SPEED 7.8e+12
MEM_PER_NODE 16000000000.0
ITEM_PER_NODE 4000000000.0
BW_FACTOR 8e-11
LATENCY_FACTOR 5e-07
TOTAL_SAMPLE 1280000.0
GPU_PER_NODE 2

{'maxOut': 817216, 'totalOut': 14819368, 'minFilter': 64, 'minChannel': 64, 'totalIn': 14971596, 'totalComp': 0.003119502, 'totalWeight': 22734016, 'minW': 7}
==========SINGLE-NODE===============
maxSamplePerNode: 66.3713327303
Use FIX_MIRCO_BATCH set by user for miniBatch:  64.0
==========DATA PARALLELISM==========
maxSamplePerNode: 66.3713327303
Use FIX_MIRCO_BATCH set by user,  64.0
2.0 9e-06 1e-11 90936064.0 9e-06 0.00045468032 0.00046368032 4.5918032e-05
4.0 9e-06 1e-11 90936064.0 2.7e-05 0.00068202048 0.00070902048 6.9552048e-05
8.0 3.031e-05 4e-11 90936064.0 0.00021217 0.00318276224 0.00339493224 0.000328884724
16.0 3.031e-05 4e-11 90936064.0 0.00045465 0.0034101024 0.0038647524 0.00036374274
32.0 3.031e-05 4e-11 90936064.0 0.00093961 0.00352377248 0.00446338248 0.000399357748
64.0 3.031e-05 4e-11 90936064.0 0.00190953 0.00358060752 0.00549013752 0.000453537252
128.0 3.049e-05 4e-11 90936064.0 0.00387223 0.00360902504 0.00748125504 0.000554514004
256.0 3.098e-05 4e-11 90936064.0 0.0078999 0.0036232338 0.0115231338 0.00075731838
512.0 3.098e-05 4e-11 90936064.0 0.01583078 0.00363033818 0.01946111818 0.001154572818
1024.0 3.098e-05 4e-11 90936064.0 0.03169254 0.00363389037 0.03532643037 0.001948016037
2048.0 3.098e-05 4e-11 90936064.0 0.06341606 0.003635666465 0.067051726465 0.0035343696465
4096.0 3.098e-05 4e-11 90936064.0 0.1268631 0.0036365545125 0.130499654513 0.00670681045125
==========DATA + FILTER PARALLELISM==========
Use FIX_MIRCO_BATCH set by user,  64.0
==================SUMMARY==================
name		B	p	Mem (bytes)	Tcomp (s)	Tcomm(s)	Time(s)	Cost(min*Node)
single		64.0	1	15434845696.0	3992.96256	0	3992.96256	67.0
data		128.0	2.0	15434845696.0	1996.48128	18.3672128	2014.8484928	68.0
data		256.0	4.0	15434845696.0	998.24064	13.9104096	1012.1510496	68.0
data		512.0	8.0	15434845696.0	499.12032	32.8884724	532.0087924	72.0
data		1024.0	16.0	15434845696.0	249.56016	18.187137	267.747297	80.0
data		2048.0	32.0	15434845696.0	124.78008	9.9839437	134.7640237	96.0
data		4096.0	64.0	15434845696.0	62.39004	5.67828639504	68.068326395	128.0
data		8192.0	128.0	15434845696.0	31.19502	3.48234794512	34.6773679451	128.0
data		16384.0	256.0	15434845696.0	15.59751	2.3931260808	17.9906360808	256.0
data		32768.0	512.0	15434845696.0	7.798755	1.8473165088	9.6460715088	512.0
data		65536.0	1024.0	15434845696.0	3.8993775	1.5584128296	5.4577903296	1024.0
data		131072.0	2048.0	15434845696.0	1.94968875	1.4137478586	3.3634366086	2048.0
data		262144.0	4096.0	15434845696.0	0.976404126	1.34136209025	2.31776621625	4096.0
df		64.0	2.0	15352101632.0	2097.95068038	1423.6449216	3521.59560198	118.0
df		128.0	4.0	15352101632.0	1048.97534019	731.8280736	1780.80341379	120.0
df		256.0	8.0	15352101632.0	524.487670095	416.2973688	940.785038895	128.0
df		512.0	16.0	15352101632.0	262.243835047	213.7112876	475.955122647	128.0
df		1024.0	32.0	15352101632.0	131.121917524	108.7009446	239.822862124	128.0
df		2048.0	64.0	15352101632.0	65.5609587618	55.2664475	120.827406262	192.0
df		4096.0	128.0	15352101632.0	32.8329281479	28.3692733781	61.202201526	256.0
df		8192.0	256.0	15352101632.0	16.468912841	14.8816761597	31.3505890007	256.0
df		16384.0	512.0	15352101632.0	8.28690518749	8.11966592112	16.4065711086	512.0
df		32768.0	1024.0	15352101632.0	4.19590136076	4.746932752	8.94283411276	1024.0
df		65536.0	2048.0	15352101632.0	2.09795068038	3.0082465512	5.10619723158	2048.0
df		131072.0	4096.0	15352101632.0	1.04897534019	2.1386711194	3.18764645959	4096.0
#######################################################
-net ./RESNET50_ImageNet_profall.net_sc -plat ABCI.plat -goal 1 --paratype ['ds']
--cmaxB 262144.0 --cmaxp 4096.0 --cBon 64.0
====================================
Read platform from  ABCI.plat
====================================
FILE:  ABCI.plat
MEM_PER_NODE:  16000000000.0
NODE_SPEED:  7.8e+12
BANDWIDTH:  12500000000.0
LATENCY:  5e-07
MAX_NODE:  4096.0
====================================
Read dataset and DNN from  ./RESNET50_ImageNet_profall.net_sc
# First block group
#
#
# Second block group
#
#
#
# Third block group
#
#
#
#
#
# Forth block group
#
#
# Fully connected
====================================
DATASET:  ImageNet
DATASET SIZE:  1280000.0
SAMPLE SIZE: 3x226x226 153228
====================================
Model:  ResNet50
LAYER	 x[C,W,H] 	 w[C,F,K,K] 	 y[F,W,H] 	 TComp
0 CONV_1 	[3, 226, 226] = 153228 	[3, 64, 7, 7] = 9408 	[64, 113, 113] = 817216 	0.003119502
1 BNORM 	[64, 113, 113] = 817216 	[64, 64, 0, 0] = 0 	[64, 113, 113] = 817216 	0.0
2 RELU 	[64, 113, 113] = 817216 	[64, 64, 0, 0] = 0 	[64, 113, 113] = 817216 	0.0
3 MPOOL 	[64, 113, 113] = 817216 	[0, 0, 3, 3] = 0 	[64, 56, 56] = 200704 	0.0
4 CONV_2a1 	[64, 56, 56] = 200704 	[64, 64, 1, 1] = 4096 	[64, 56, 56] = 200704 	0.0
5 BNORM 	[64, 56, 56] = 200704 	[64, 64, 0, 0] = 0 	[64, 56, 56] = 200704 	0.0
6 RELU 	[64, 56, 56] = 200704 	[64, 64, 0, 0] = 0 	[64, 56, 56] = 200704 	0.0
7 CONV_2a2 	[64, 56, 56] = 200704 	[64, 64, 3, 3] = 36864 	[64, 56, 56] = 200704 	0.0
8 BNORM 	[64, 56, 56] = 200704 	[64, 64, 0, 0] = 0 	[64, 56, 56] = 200704 	0.0
9 RELU 	[64, 56, 56] = 200704 	[64, 64, 0, 0] = 0 	[64, 56, 56] = 200704 	0.0
10 CONV_2a3 	[64, 56, 56] = 200704 	[64, 256, 1, 1] = 16384 	[256, 56, 56] = 802816 	0.0
11 BNORM 	[256, 56, 56] = 802816 	[256, 256, 0, 0] = 0 	[256, 56, 56] = 802816 	0.0
12 ADD 	[256, 56, 56] = 802816 	[256, 256, 0, 0] = 0 	[256, 56, 56] = 802816 	0.0
13 RELU 	[256, 56, 56] = 802816 	[256, 256, 0, 0] = 0 	[256, 56, 56] = 802816 	0.0
14 CONV_2b1 	[256, 56, 56] = 802816 	[256, 64, 1, 1] = 16384 	[64, 56, 56] = 200704 	0.0
15 BNORM 	[64, 56, 56] = 200704 	[64, 64, 0, 0] = 0 	[64, 56, 56] = 200704 	0.0
16 RELU 	[64, 56, 56] = 200704 	[64, 64, 0, 0] = 0 	[64, 56, 56] = 200704 	0.0
17 CONV_2b2 	[64, 56, 56] = 200704 	[64, 64, 3, 3] = 36864 	[64, 56, 56] = 200704 	0.0
18 BNORM 	[64, 56, 56] = 200704 	[64, 64, 0, 0] = 0 	[64, 56, 56] = 200704 	0.0
19 RELU 	[64, 56, 56] = 200704 	[64, 64, 0, 0] = 0 	[64, 56, 56] = 200704 	0.0
20 CONV_2b3 	[64, 56, 56] = 200704 	[64, 256, 1, 1] = 16384 	[256, 56, 56] = 802816 	0.0
21 BNORM 	[256, 56, 56] = 802816 	[256, 256, 0, 0] = 0 	[256, 56, 56] = 802816 	0.0
22 ADD 	[256, 56, 56] = 802816 	[256, 256, 0, 0] = 0 	[256, 56, 56] = 802816 	0.0
23 RELU 	[256, 56, 56] = 802816 	[256, 256, 0, 0] = 0 	[256, 56, 56] = 802816 	0.0
24 CONV_2c1 	[256, 56, 56] = 802816 	[256, 64, 1, 1] = 16384 	[64, 56, 56] = 200704 	0.0
25 BNORM 	[64, 56, 56] = 200704 	[64, 64, 0, 0] = 0 	[64, 56, 56] = 200704 	0.0
26 RELU 	[64, 56, 56] = 200704 	[64, 64, 0, 0] = 0 	[64, 56, 56] = 200704 	0.0
27 CONV_2c2 	[64, 56, 56] = 200704 	[64, 64, 3, 3] = 36864 	[64, 56, 56] = 200704 	0.0
28 BNORM 	[64, 56, 56] = 200704 	[64, 64, 0, 0] = 0 	[64, 56, 56] = 200704 	0.0
29 RELU 	[64, 56, 56] = 200704 	[64, 64, 0, 0] = 0 	[64, 56, 56] = 200704 	0.0
30 CONV_2c3 	[64, 56, 56] = 200704 	[64, 256, 1, 1] = 16384 	[256, 56, 56] = 802816 	0.0
31 BNORM 	[256, 56, 56] = 802816 	[256, 256, 0, 0] = 0 	[256, 56, 56] = 802816 	0.0
32 ADD 	[256, 56, 56] = 802816 	[256, 256, 0, 0] = 0 	[256, 56, 56] = 802816 	0.0
33 RELU 	[256, 56, 56] = 802816 	[256, 256, 0, 0] = 0 	[256, 56, 56] = 802816 	0.0
34 CONV_3a1 	[256, 56, 56] = 802816 	[256, 128, 1, 1] = 32768 	[128, 28, 28] = 100352 	0.0
35 BNORM 	[128, 28, 28] = 100352 	[128, 128, 0, 0] = 0 	[128, 28, 28] = 100352 	0.0
36 RELU 	[128, 28, 28] = 100352 	[128, 128, 0, 0] = 0 	[128, 28, 28] = 100352 	0.0
37 CONV_3a2 	[128, 28, 28] = 100352 	[128, 128, 3, 3] = 147456 	[128, 28, 28] = 100352 	0.0
38 BNORM 	[128, 28, 28] = 100352 	[128, 128, 0, 0] = 0 	[128, 28, 28] = 100352 	0.0
39 RELU 	[128, 28, 28] = 100352 	[128, 128, 0, 0] = 0 	[128, 28, 28] = 100352 	0.0
40 CONV_3a3 	[128, 28, 28] = 100352 	[128, 512, 1, 1] = 65536 	[512, 28, 28] = 401408 	0.0
41 BNORM 	[512, 28, 28] = 401408 	[512, 512, 0, 0] = 0 	[512, 28, 28] = 401408 	0.0
42 ADD 	[512, 28, 28] = 401408 	[512, 512, 0, 0] = 0 	[512, 28, 28] = 401408 	0.0
43 RELU 	[512, 28, 28] = 401408 	[512, 512, 0, 0] = 0 	[512, 28, 28] = 401408 	0.0
44 CONV_3b1 	[512, 28, 28] = 401408 	[512, 128, 1, 1] = 65536 	[128, 28, 28] = 100352 	0.0
45 BNORM 	[128, 28, 28] = 100352 	[128, 128, 0, 0] = 0 	[128, 28, 28] = 100352 	0.0
46 RELU 	[128, 28, 28] = 100352 	[128, 128, 0, 0] = 0 	[128, 28, 28] = 100352 	0.0
47 CONV_3b2 	[128, 28, 28] = 100352 	[128, 128, 3, 3] = 147456 	[128, 28, 28] = 100352 	0.0
48 BNORM 	[128, 28, 28] = 100352 	[128, 128, 0, 0] = 0 	[128, 28, 28] = 100352 	0.0
49 RELU 	[128, 28, 28] = 100352 	[128, 128, 0, 0] = 0 	[128, 28, 28] = 100352 	0.0
50 CONV_3b3 	[128, 28, 28] = 100352 	[128, 512, 1, 1] = 65536 	[512, 28, 28] = 401408 	0.0
51 BNORM 	[512, 28, 28] = 401408 	[512, 512, 0, 0] = 0 	[512, 28, 28] = 401408 	0.0
52 ADD 	[512, 28, 28] = 401408 	[512, 512, 0, 0] = 0 	[512, 28, 28] = 401408 	0.0
53 RELU 	[512, 28, 28] = 401408 	[512, 512, 0, 0] = 0 	[512, 28, 28] = 401408 	0.0
54 CONV_3c1 	[512, 28, 28] = 401408 	[512, 128, 1, 1] = 65536 	[128, 28, 28] = 100352 	0.0
55 BNORM 	[128, 28, 28] = 100352 	[128, 128, 0, 0] = 0 	[128, 28, 28] = 100352 	0.0
56 RELU 	[128, 28, 28] = 100352 	[128, 128, 0, 0] = 0 	[128, 28, 28] = 100352 	0.0
57 CONV_3c2 	[128, 28, 28] = 100352 	[128, 128, 3, 3] = 147456 	[128, 28, 28] = 100352 	0.0
58 BNORM 	[128, 28, 28] = 100352 	[128, 128, 0, 0] = 0 	[128, 28, 28] = 100352 	0.0
59 RELU 	[128, 28, 28] = 100352 	[128, 128, 0, 0] = 0 	[128, 28, 28] = 100352 	0.0
60 CONV_3c3 	[128, 28, 28] = 100352 	[128, 512, 1, 1] = 65536 	[512, 28, 28] = 401408 	0.0
61 BNORM 	[512, 28, 28] = 401408 	[512, 512, 0, 0] = 0 	[512, 28, 28] = 401408 	0.0
62 ADD 	[512, 28, 28] = 401408 	[512, 512, 0, 0] = 0 	[512, 28, 28] = 401408 	0.0
63 RELU 	[512, 28, 28] = 401408 	[512, 512, 0, 0] = 0 	[512, 28, 28] = 401408 	0.0
64 CONV_3d1 	[512, 28, 28] = 401408 	[512, 128, 1, 1] = 65536 	[128, 28, 28] = 100352 	0.0
65 BNORM 	[128, 28, 28] = 100352 	[128, 128, 0, 0] = 0 	[128, 28, 28] = 100352 	0.0
66 RELU 	[128, 28, 28] = 100352 	[128, 128, 0, 0] = 0 	[128, 28, 28] = 100352 	0.0
67 CONV_3d2 	[128, 28, 28] = 100352 	[128, 128, 3, 3] = 147456 	[128, 28, 28] = 100352 	0.0
68 BNORM 	[128, 28, 28] = 100352 	[128, 128, 0, 0] = 0 	[128, 28, 28] = 100352 	0.0
69 RELU 	[128, 28, 28] = 100352 	[128, 128, 0, 0] = 0 	[128, 28, 28] = 100352 	0.0
70 CONV_3d3 	[128, 28, 28] = 100352 	[128, 512, 1, 1] = 65536 	[512, 28, 28] = 401408 	0.0
71 BNORM 	[512, 28, 28] = 401408 	[512, 512, 0, 0] = 0 	[512, 28, 28] = 401408 	0.0
72 ADD 	[512, 28, 28] = 401408 	[512, 512, 0, 0] = 0 	[512, 28, 28] = 401408 	0.0
73 RELU 	[512, 28, 28] = 401408 	[512, 512, 0, 0] = 0 	[512, 28, 28] = 401408 	0.0
74 CONV_4a1 	[512, 28, 28] = 401408 	[512, 256, 1, 1] = 131072 	[256, 14, 14] = 50176 	0.0
75 BNORM 	[256, 14, 14] = 50176 	[256, 256, 0, 0] = 0 	[256, 14, 14] = 50176 	0.0
76 RELU 	[256, 14, 14] = 50176 	[256, 256, 0, 0] = 0 	[256, 14, 14] = 50176 	0.0
77 CONV_4a2 	[256, 14, 14] = 50176 	[256, 256, 3, 3] = 589824 	[256, 14, 14] = 50176 	0.0
78 BNORM 	[256, 14, 14] = 50176 	[256, 256, 0, 0] = 0 	[256, 14, 14] = 50176 	0.0
79 RELU 	[256, 14, 14] = 50176 	[256, 256, 0, 0] = 0 	[256, 14, 14] = 50176 	0.0
80 CONV_4a3 	[256, 14, 14] = 50176 	[256, 1024, 1, 1] = 262144 	[1024, 14, 14] = 200704 	0.0
81 BNORM 	[1024, 14, 14] = 200704 	[1024, 1024, 0, 0] = 0 	[1024, 14, 14] = 200704 	0.0
82 ADD 	[1024, 14, 14] = 200704 	[1024, 1024, 0, 0] = 0 	[1024, 14, 14] = 200704 	0.0
83 RELU 	[1024, 14, 14] = 200704 	[1024, 1024, 0, 0] = 0 	[1024, 14, 14] = 200704 	0.0
84 CONV_4b1 	[1024, 14, 14] = 200704 	[1024, 256, 1, 1] = 262144 	[256, 14, 14] = 50176 	0.0
85 BNORM 	[256, 14, 14] = 50176 	[256, 256, 0, 0] = 0 	[256, 14, 14] = 50176 	0.0
86 RELU 	[256, 14, 14] = 50176 	[256, 256, 0, 0] = 0 	[256, 14, 14] = 50176 	0.0
87 CONV_4b2 	[256, 14, 14] = 50176 	[256, 256, 3, 3] = 589824 	[256, 14, 14] = 50176 	0.0
88 BNORM 	[256, 14, 14] = 50176 	[256, 256, 0, 0] = 0 	[256, 14, 14] = 50176 	0.0
89 RELU 	[256, 14, 14] = 50176 	[256, 256, 0, 0] = 0 	[256, 14, 14] = 50176 	0.0
90 CONV_4b3 	[256, 14, 14] = 50176 	[256, 1024, 1, 1] = 262144 	[1024, 14, 14] = 200704 	0.0
91 BNORM 	[1024, 14, 14] = 200704 	[1024, 1024, 0, 0] = 0 	[1024, 14, 14] = 200704 	0.0
92 ADD 	[1024, 14, 14] = 200704 	[1024, 1024, 0, 0] = 0 	[1024, 14, 14] = 200704 	0.0
93 RELU 	[1024, 14, 14] = 200704 	[1024, 1024, 0, 0] = 0 	[1024, 14, 14] = 200704 	0.0
94 CONV_4c1 	[1024, 14, 14] = 200704 	[1024, 256, 1, 1] = 262144 	[256, 14, 14] = 50176 	0.0
95 BNORM 	[256, 14, 14] = 50176 	[256, 256, 0, 0] = 0 	[256, 14, 14] = 50176 	0.0
96 RELU 	[256, 14, 14] = 50176 	[256, 256, 0, 0] = 0 	[256, 14, 14] = 50176 	0.0
97 CONV_4c2 	[256, 14, 14] = 50176 	[256, 256, 3, 3] = 589824 	[256, 14, 14] = 50176 	0.0
98 BNORM 	[256, 14, 14] = 50176 	[256, 256, 0, 0] = 0 	[256, 14, 14] = 50176 	0.0
99 RELU 	[256, 14, 14] = 50176 	[256, 256, 0, 0] = 0 	[256, 14, 14] = 50176 	0.0
100 CONV_4c3 	[256, 14, 14] = 50176 	[256, 1024, 1, 1] = 262144 	[1024, 14, 14] = 200704 	0.0
101 BNORM 	[1024, 14, 14] = 200704 	[1024, 1024, 0, 0] = 0 	[1024, 14, 14] = 200704 	0.0
102 ADD 	[1024, 14, 14] = 200704 	[1024, 1024, 0, 0] = 0 	[1024, 14, 14] = 200704 	0.0
103 RELU 	[1024, 14, 14] = 200704 	[1024, 1024, 0, 0] = 0 	[1024, 14, 14] = 200704 	0.0
104 CONV_4d1 	[1024, 14, 14] = 200704 	[1024, 256, 1, 1] = 262144 	[256, 14, 14] = 50176 	0.0
105 BNORM 	[256, 14, 14] = 50176 	[256, 256, 0, 0] = 0 	[256, 14, 14] = 50176 	0.0
106 RELU 	[256, 14, 14] = 50176 	[256, 256, 0, 0] = 0 	[256, 14, 14] = 50176 	0.0
107 CONV_4d2 	[256, 14, 14] = 50176 	[256, 256, 3, 3] = 589824 	[256, 14, 14] = 50176 	0.0
108 BNORM 	[256, 14, 14] = 50176 	[256, 256, 0, 0] = 0 	[256, 14, 14] = 50176 	0.0
109 RELU 	[256, 14, 14] = 50176 	[256, 256, 0, 0] = 0 	[256, 14, 14] = 50176 	0.0
110 CONV_4d3 	[256, 14, 14] = 50176 	[256, 1024, 1, 1] = 262144 	[1024, 14, 14] = 200704 	0.0
111 BNORM 	[1024, 14, 14] = 200704 	[1024, 1024, 0, 0] = 0 	[1024, 14, 14] = 200704 	0.0
112 ADD 	[1024, 14, 14] = 200704 	[1024, 1024, 0, 0] = 0 	[1024, 14, 14] = 200704 	0.0
113 RELU 	[1024, 14, 14] = 200704 	[1024, 1024, 0, 0] = 0 	[1024, 14, 14] = 200704 	0.0
114 CONV_4e1 	[1024, 14, 14] = 200704 	[1024, 256, 1, 1] = 262144 	[256, 14, 14] = 50176 	0.0
115 BNORM 	[256, 14, 14] = 50176 	[256, 256, 0, 0] = 0 	[256, 14, 14] = 50176 	0.0
116 RELU 	[256, 14, 14] = 50176 	[256, 256, 0, 0] = 0 	[256, 14, 14] = 50176 	0.0
117 CONV_4e2 	[256, 14, 14] = 50176 	[256, 256, 3, 3] = 589824 	[256, 14, 14] = 50176 	0.0
118 BNORM 	[256, 14, 14] = 50176 	[256, 256, 0, 0] = 0 	[256, 14, 14] = 50176 	0.0
119 RELU 	[256, 14, 14] = 50176 	[256, 256, 0, 0] = 0 	[256, 14, 14] = 50176 	0.0
120 CONV_4e3 	[256, 14, 14] = 50176 	[256, 1024, 1, 1] = 262144 	[1024, 14, 14] = 200704 	0.0
121 BNORM 	[1024, 14, 14] = 200704 	[1024, 1024, 0, 0] = 0 	[1024, 14, 14] = 200704 	0.0
122 ADD 	[1024, 14, 14] = 200704 	[1024, 1024, 0, 0] = 0 	[1024, 14, 14] = 200704 	0.0
123 RELU 	[1024, 14, 14] = 200704 	[1024, 1024, 0, 0] = 0 	[1024, 14, 14] = 200704 	0.0
124 CONV_4f1 	[1024, 14, 14] = 200704 	[1024, 256, 1, 1] = 262144 	[256, 14, 14] = 50176 	0.0
125 BNORM 	[256, 14, 14] = 50176 	[256, 256, 0, 0] = 0 	[256, 14, 14] = 50176 	0.0
126 RELU 	[256, 14, 14] = 50176 	[256, 256, 0, 0] = 0 	[256, 14, 14] = 50176 	0.0
127 CONV_4f2 	[256, 14, 14] = 50176 	[256, 256, 3, 3] = 589824 	[256, 14, 14] = 50176 	0.0
128 BNORM 	[256, 14, 14] = 50176 	[256, 256, 0, 0] = 0 	[256, 14, 14] = 50176 	0.0
129 RELU 	[256, 14, 14] = 50176 	[256, 256, 0, 0] = 0 	[256, 14, 14] = 50176 	0.0
130 CONV_4f3 	[256, 14, 14] = 50176 	[256, 1024, 1, 1] = 262144 	[1024, 14, 14] = 200704 	0.0
131 BNORM 	[1024, 14, 14] = 200704 	[1024, 1024, 0, 0] = 0 	[1024, 14, 14] = 200704 	0.0
132 ADD 	[1024, 14, 14] = 200704 	[1024, 1024, 0, 0] = 0 	[1024, 14, 14] = 200704 	0.0
133 RELU 	[1024, 14, 14] = 200704 	[1024, 1024, 0, 0] = 0 	[1024, 14, 14] = 200704 	0.0
134 CONV_5a1 	[1024, 14, 14] = 200704 	[1024, 512, 1, 1] = 524288 	[512, 7, 7] = 25088 	0.0
135 BNORM 	[512, 7, 7] = 25088 	[512, 512, 0, 0] = 0 	[512, 7, 7] = 25088 	0.0
136 RELU 	[512, 7, 7] = 25088 	[512, 512, 0, 0] = 0 	[512, 7, 7] = 25088 	0.0
137 CONV_5a2 	[512, 7, 7] = 25088 	[512, 512, 3, 3] = 2359296 	[512, 7, 7] = 25088 	0.0
138 BNORM 	[512, 7, 7] = 25088 	[512, 512, 0, 0] = 0 	[512, 7, 7] = 25088 	0.0
139 RELU 	[512, 7, 7] = 25088 	[512, 512, 0, 0] = 0 	[512, 7, 7] = 25088 	0.0
140 CONV_5a3 	[512, 7, 7] = 25088 	[512, 2048, 1, 1] = 1048576 	[2048, 7, 7] = 100352 	0.0
141 BNORM 	[2048, 7, 7] = 100352 	[2048, 2048, 0, 0] = 0 	[2048, 7, 7] = 100352 	0.0
142 ADD 	[2048, 7, 7] = 100352 	[2048, 2048, 0, 0] = 0 	[2048, 7, 7] = 100352 	0.0
143 RELU 	[2048, 7, 7] = 100352 	[2048, 2048, 0, 0] = 0 	[2048, 7, 7] = 100352 	0.0
144 CONV_5b1 	[2048, 7, 7] = 100352 	[2048, 512, 1, 1] = 1048576 	[512, 7, 7] = 25088 	0.0
145 BNORM 	[512, 7, 7] = 25088 	[512, 512, 0, 0] = 0 	[512, 7, 7] = 25088 	0.0
146 RELU 	[512, 7, 7] = 25088 	[512, 512, 0, 0] = 0 	[512, 7, 7] = 25088 	0.0
147 CONV_5b2 	[512, 7, 7] = 25088 	[512, 512, 3, 3] = 2359296 	[512, 7, 7] = 25088 	0.0
148 BNORM 	[512, 7, 7] = 25088 	[512, 512, 0, 0] = 0 	[512, 7, 7] = 25088 	0.0
149 RELU 	[512, 7, 7] = 25088 	[512, 512, 0, 0] = 0 	[512, 7, 7] = 25088 	0.0
150 CONV_5b3 	[512, 7, 7] = 25088 	[512, 2048, 1, 1] = 1048576 	[2048, 7, 7] = 100352 	0.0
151 BNORM 	[2048, 7, 7] = 100352 	[2048, 2048, 0, 0] = 0 	[2048, 7, 7] = 100352 	0.0
152 ADD 	[2048, 7, 7] = 100352 	[2048, 2048, 0, 0] = 0 	[2048, 7, 7] = 100352 	0.0
153 RELU 	[2048, 7, 7] = 100352 	[2048, 2048, 0, 0] = 0 	[2048, 7, 7] = 100352 	0.0
154 CONV_5c1 	[2048, 7, 7] = 100352 	[2048, 512, 1, 1] = 1048576 	[512, 7, 7] = 25088 	0.0
155 BNORM 	[512, 7, 7] = 25088 	[512, 512, 0, 0] = 0 	[512, 7, 7] = 25088 	0.0
156 RELU 	[512, 7, 7] = 25088 	[512, 512, 0, 0] = 0 	[512, 7, 7] = 25088 	0.0
157 CONV_5c2 	[512, 7, 7] = 25088 	[512, 512, 3, 3] = 2359296 	[512, 7, 7] = 25088 	0.0
158 BNORM 	[512, 7, 7] = 25088 	[512, 512, 0, 0] = 0 	[512, 7, 7] = 25088 	0.0
159 RELU 	[512, 7, 7] = 25088 	[512, 512, 0, 0] = 0 	[512, 7, 7] = 25088 	0.0
160 CONV_5c3 	[512, 7, 7] = 25088 	[512, 2048, 1, 1] = 1048576 	[2048, 7, 7] = 100352 	0.0
161 BNORM 	[2048, 7, 7] = 100352 	[2048, 2048, 0, 0] = 0 	[2048, 7, 7] = 100352 	0.0
162 ADD 	[2048, 7, 7] = 100352 	[2048, 2048, 0, 0] = 0 	[2048, 7, 7] = 100352 	0.0
163 RELU 	[2048, 7, 7] = 100352 	[2048, 2048, 0, 0] = 0 	[2048, 7, 7] = 100352 	0.0
164 APOOL 	[2048, 7, 7] = 100352 	[0, 0, 7, 7] = 0 	[2048, 1, 1] = 2048 	0.0
165 FC6 	[2048, 1, 1] = 2048 	[2048, 1000, 1, 1] = 2048000 	[1000, 1, 1] = 1000 	0.0
Model with 166 layers
Total |x|: 14971596 items
Total |y|: 14819368 items
Total |w|: 22734016 items
Total comp: 0.003119502 sec
Max comp: 0.003119502 sec ==>320.563987457samples for 100% GPU ultilization
Max |y|: 817216 items
Layer config [1, 0, 0, 0, 1, 0, 0, 1, 0, 0, 1, 0, 0, 0, 1, 0, 0, 1, 0, 0, 1, 0, 0, 0, 1, 0, 0, 1, 0, 0, 1, 0, 0, 0, 1, 0, 0, 1, 0, 0, 1, 0, 0, 0, 1, 0, 0, 1, 0, 0, 1, 0, 0, 0, 1, 0, 0, 1, 0, 0, 1, 0, 0, 0, 1, 0, 0, 1, 0, 0, 1, 0, 0, 0, 1, 0, 0, 1, 0, 0, 1, 0, 0, 0, 1, 0, 0, 1, 0, 0, 1, 0, 0, 0, 1, 0, 0, 1, 0, 0, 1, 0, 0, 0, 1, 0, 0, 1, 0, 0, 1, 0, 0, 0, 1, 0, 0, 1, 0, 0, 1, 0, 0, 0, 1, 0, 0, 1, 0, 0, 1, 0, 0, 0, 1, 0, 0, 1, 0, 0, 1, 0, 0, 0, 1, 0, 0, 1, 0, 0, 1, 0, 0, 0, 1, 0, 0, 1, 0, 0, 1, 0, 0, 0, 0, 0]
====================================
Model:  ResNet50
LAYER	 x[C,W,H] 	 w[C,F,K,K] 	 y[F,W,H] 	 TComp
CONV_1 	[3, 226, 226] 	[3, 64, 7, 7] 	[64, 113, 113] 	0.00010152806185
BNORM 	[64, 113, 113] 	[64, 64, 0, 0] 	[64, 113, 113] 	1.38130713067e-06
RELU 	[64, 113, 113] 	[64, 64, 0, 0] 	[64, 113, 113] 	3.45326782668e-07
MPOOL 	[64, 113, 113] 	[0, 0, 3, 3] 	[64, 56, 56] 	4.88508261647e-05
CONV_2a1 	[64, 56, 56] 	[64, 64, 1, 1] 	[64, 56, 56] 	1.08566045606e-05
BNORM 	[64, 56, 56] 	[64, 64, 0, 0] 	[64, 56, 56] 	3.39241848366e-07
RELU 	[64, 56, 56] 	[64, 64, 0, 0] 	[64, 56, 56] 	8.48104620915e-08
CONV_2a2 	[64, 56, 56] 	[64, 64, 3, 3] 	[64, 56, 56] 	9.77094410453e-05
BNORM 	[64, 56, 56] 	[64, 64, 0, 0] 	[64, 56, 56] 	3.39241848366e-07
RELU 	[64, 56, 56] 	[64, 64, 0, 0] 	[64, 56, 56] 	8.48104620915e-08
CONV_2a3 	[64, 56, 56] 	[64, 256, 1, 1] 	[256, 56, 56] 	4.34264182424e-05
BNORM 	[256, 56, 56] 	[256, 256, 0, 0] 	[256, 56, 56] 	1.35696739346e-06
ADD 	[256, 56, 56] 	[256, 256, 0, 0] 	[256, 56, 56] 	3.39241848366e-07
RELU 	[256, 56, 56] 	[256, 256, 0, 0] 	[256, 56, 56] 	3.39241848366e-07
CONV_2b1 	[256, 56, 56] 	[256, 64, 1, 1] 	[64, 56, 56] 	4.34264182424e-05
BNORM 	[64, 56, 56] 	[64, 64, 0, 0] 	[64, 56, 56] 	3.39241848366e-07
RELU 	[64, 56, 56] 	[64, 64, 0, 0] 	[64, 56, 56] 	8.48104620915e-08
CONV_2b2 	[64, 56, 56] 	[64, 64, 3, 3] 	[64, 56, 56] 	9.77094410453e-05
BNORM 	[64, 56, 56] 	[64, 64, 0, 0] 	[64, 56, 56] 	3.39241848366e-07
RELU 	[64, 56, 56] 	[64, 64, 0, 0] 	[64, 56, 56] 	8.48104620915e-08
CONV_2b3 	[64, 56, 56] 	[64, 256, 1, 1] 	[256, 56, 56] 	4.34264182424e-05
BNORM 	[256, 56, 56] 	[256, 256, 0, 0] 	[256, 56, 56] 	1.35696739346e-06
ADD 	[256, 56, 56] 	[256, 256, 0, 0] 	[256, 56, 56] 	3.39241848366e-07
RELU 	[256, 56, 56] 	[256, 256, 0, 0] 	[256, 56, 56] 	3.39241848366e-07
CONV_2c1 	[256, 56, 56] 	[256, 64, 1, 1] 	[64, 56, 56] 	4.34264182424e-05
BNORM 	[64, 56, 56] 	[64, 64, 0, 0] 	[64, 56, 56] 	3.39241848366e-07
RELU 	[64, 56, 56] 	[64, 64, 0, 0] 	[64, 56, 56] 	8.48104620915e-08
CONV_2c2 	[64, 56, 56] 	[64, 64, 3, 3] 	[64, 56, 56] 	9.77094410453e-05
BNORM 	[64, 56, 56] 	[64, 64, 0, 0] 	[64, 56, 56] 	3.39241848366e-07
RELU 	[64, 56, 56] 	[64, 64, 0, 0] 	[64, 56, 56] 	8.48104620915e-08
CONV_2c3 	[64, 56, 56] 	[64, 256, 1, 1] 	[256, 56, 56] 	4.34264182424e-05
BNORM 	[256, 56, 56] 	[256, 256, 0, 0] 	[256, 56, 56] 	1.35696739346e-06
ADD 	[256, 56, 56] 	[256, 256, 0, 0] 	[256, 56, 56] 	3.39241848366e-07
RELU 	[256, 56, 56] 	[256, 256, 0, 0] 	[256, 56, 56] 	3.39241848366e-07
CONV_3a1 	[256, 56, 56] 	[256, 128, 1, 1] 	[128, 28, 28] 	2.17184015985e-05
BNORM 	[128, 28, 28] 	[128, 128, 0, 0] 	[128, 28, 28] 	1.69620924183e-07
RELU 	[128, 28, 28] 	[128, 128, 0, 0] 	[128, 28, 28] 	4.24052310458e-08
CONV_3a2 	[128, 28, 28] 	[128, 128, 3, 3] 	[128, 28, 28] 	9.7732807193e-05
BNORM 	[128, 28, 28] 	[128, 128, 0, 0] 	[128, 28, 28] 	1.69620924183e-07
RELU 	[128, 28, 28] 	[128, 128, 0, 0] 	[128, 28, 28] 	4.24052310458e-08
CONV_3a3 	[128, 28, 28] 	[128, 512, 1, 1] 	[512, 28, 28] 	4.34368031969e-05
BNORM 	[512, 28, 28] 	[512, 512, 0, 0] 	[512, 28, 28] 	6.78483696732e-07
ADD 	[512, 28, 28] 	[512, 512, 0, 0] 	[512, 28, 28] 	1.69620924183e-07
RELU 	[512, 28, 28] 	[512, 512, 0, 0] 	[512, 28, 28] 	1.69620924183e-07
CONV_3b1 	[512, 28, 28] 	[512, 128, 1, 1] 	[128, 28, 28] 	4.34368031969e-05
BNORM 	[128, 28, 28] 	[128, 128, 0, 0] 	[128, 28, 28] 	1.69620924183e-07
RELU 	[128, 28, 28] 	[128, 128, 0, 0] 	[128, 28, 28] 	4.24052310458e-08
CONV_3b2 	[128, 28, 28] 	[128, 128, 3, 3] 	[128, 28, 28] 	9.7732807193e-05
BNORM 	[128, 28, 28] 	[128, 128, 0, 0] 	[128, 28, 28] 	1.69620924183e-07
RELU 	[128, 28, 28] 	[128, 128, 0, 0] 	[128, 28, 28] 	4.24052310458e-08
CONV_3b3 	[128, 28, 28] 	[128, 512, 1, 1] 	[512, 28, 28] 	4.34368031969e-05
BNORM 	[512, 28, 28] 	[512, 512, 0, 0] 	[512, 28, 28] 	6.78483696732e-07
ADD 	[512, 28, 28] 	[512, 512, 0, 0] 	[512, 28, 28] 	1.69620924183e-07
RELU 	[512, 28, 28] 	[512, 512, 0, 0] 	[512, 28, 28] 	1.69620924183e-07
CONV_3c1 	[512, 28, 28] 	[512, 128, 1, 1] 	[128, 28, 28] 	4.34368031969e-05
BNORM 	[128, 28, 28] 	[128, 128, 0, 0] 	[128, 28, 28] 	1.69620924183e-07
RELU 	[128, 28, 28] 	[128, 128, 0, 0] 	[128, 28, 28] 	4.24052310458e-08
CONV_3c2 	[128, 28, 28] 	[128, 128, 3, 3] 	[128, 28, 28] 	9.7732807193e-05
BNORM 	[128, 28, 28] 	[128, 128, 0, 0] 	[128, 28, 28] 	1.69620924183e-07
RELU 	[128, 28, 28] 	[128, 128, 0, 0] 	[128, 28, 28] 	4.24052310458e-08
CONV_3c3 	[128, 28, 28] 	[128, 512, 1, 1] 	[512, 28, 28] 	4.34368031969e-05
BNORM 	[512, 28, 28] 	[512, 512, 0, 0] 	[512, 28, 28] 	6.78483696732e-07
ADD 	[512, 28, 28] 	[512, 512, 0, 0] 	[512, 28, 28] 	1.69620924183e-07
RELU 	[512, 28, 28] 	[512, 512, 0, 0] 	[512, 28, 28] 	1.69620924183e-07
CONV_3d1 	[512, 28, 28] 	[512, 128, 1, 1] 	[128, 28, 28] 	4.34368031969e-05
BNORM 	[128, 28, 28] 	[128, 128, 0, 0] 	[128, 28, 28] 	1.69620924183e-07
RELU 	[128, 28, 28] 	[128, 128, 0, 0] 	[128, 28, 28] 	4.24052310458e-08
CONV_3d2 	[128, 28, 28] 	[128, 128, 3, 3] 	[128, 28, 28] 	9.7732807193e-05
BNORM 	[128, 28, 28] 	[128, 128, 0, 0] 	[128, 28, 28] 	1.69620924183e-07
RELU 	[128, 28, 28] 	[128, 128, 0, 0] 	[128, 28, 28] 	4.24052310458e-08
CONV_3d3 	[128, 28, 28] 	[128, 512, 1, 1] 	[512, 28, 28] 	4.34368031969e-05
BNORM 	[512, 28, 28] 	[512, 512, 0, 0] 	[512, 28, 28] 	6.78483696732e-07
ADD 	[512, 28, 28] 	[512, 512, 0, 0] 	[512, 28, 28] 	1.69620924183e-07
RELU 	[512, 28, 28] 	[512, 512, 0, 0] 	[512, 28, 28] 	1.69620924183e-07
CONV_4a1 	[512, 28, 28] 	[512, 256, 1, 1] 	[256, 14, 14] 	2.17391715075e-05
BNORM 	[256, 14, 14] 	[256, 256, 0, 0] 	[256, 14, 14] 	8.48104620915e-08
RELU 	[256, 14, 14] 	[256, 256, 0, 0] 	[256, 14, 14] 	2.12026155229e-08
CONV_4a2 	[256, 14, 14] 	[256, 256, 3, 3] 	[256, 14, 14] 	9.78262717839e-05
BNORM 	[256, 14, 14] 	[256, 256, 0, 0] 	[256, 14, 14] 	8.48104620915e-08
RELU 	[256, 14, 14] 	[256, 256, 0, 0] 	[256, 14, 14] 	2.12026155229e-08
CONV_4a3 	[256, 14, 14] 	[256, 1024, 1, 1] 	[1024, 14, 14] 	4.34783430151e-05
BNORM 	[1024, 14, 14] 	[1024, 1024, 0, 0] 	[1024, 14, 14] 	3.39241848366e-07
ADD 	[1024, 14, 14] 	[1024, 1024, 0, 0] 	[1024, 14, 14] 	8.48104620915e-08
RELU 	[1024, 14, 14] 	[1024, 1024, 0, 0] 	[1024, 14, 14] 	8.48104620915e-08
CONV_4b1 	[1024, 14, 14] 	[1024, 256, 1, 1] 	[256, 14, 14] 	4.34783430151e-05
BNORM 	[256, 14, 14] 	[256, 256, 0, 0] 	[256, 14, 14] 	8.48104620915e-08
RELU 	[256, 14, 14] 	[256, 256, 0, 0] 	[256, 14, 14] 	2.12026155229e-08
CONV_4b2 	[256, 14, 14] 	[256, 256, 3, 3] 	[256, 14, 14] 	9.78262717839e-05
BNORM 	[256, 14, 14] 	[256, 256, 0, 0] 	[256, 14, 14] 	8.48104620915e-08
RELU 	[256, 14, 14] 	[256, 256, 0, 0] 	[256, 14, 14] 	2.12026155229e-08
CONV_4b3 	[256, 14, 14] 	[256, 1024, 1, 1] 	[1024, 14, 14] 	4.34783430151e-05
BNORM 	[1024, 14, 14] 	[1024, 1024, 0, 0] 	[1024, 14, 14] 	3.39241848366e-07
ADD 	[1024, 14, 14] 	[1024, 1024, 0, 0] 	[1024, 14, 14] 	8.48104620915e-08
RELU 	[1024, 14, 14] 	[1024, 1024, 0, 0] 	[1024, 14, 14] 	8.48104620915e-08
CONV_4c1 	[1024, 14, 14] 	[1024, 256, 1, 1] 	[256, 14, 14] 	4.34783430151e-05
BNORM 	[256, 14, 14] 	[256, 256, 0, 0] 	[256, 14, 14] 	8.48104620915e-08
RELU 	[256, 14, 14] 	[256, 256, 0, 0] 	[256, 14, 14] 	2.12026155229e-08
CONV_4c2 	[256, 14, 14] 	[256, 256, 3, 3] 	[256, 14, 14] 	9.78262717839e-05
BNORM 	[256, 14, 14] 	[256, 256, 0, 0] 	[256, 14, 14] 	8.48104620915e-08
RELU 	[256, 14, 14] 	[256, 256, 0, 0] 	[256, 14, 14] 	2.12026155229e-08
CONV_4c3 	[256, 14, 14] 	[256, 1024, 1, 1] 	[1024, 14, 14] 	4.34783430151e-05
BNORM 	[1024, 14, 14] 	[1024, 1024, 0, 0] 	[1024, 14, 14] 	3.39241848366e-07
ADD 	[1024, 14, 14] 	[1024, 1024, 0, 0] 	[1024, 14, 14] 	8.48104620915e-08
RELU 	[1024, 14, 14] 	[1024, 1024, 0, 0] 	[1024, 14, 14] 	8.48104620915e-08
CONV_4d1 	[1024, 14, 14] 	[1024, 256, 1, 1] 	[256, 14, 14] 	4.34783430151e-05
BNORM 	[256, 14, 14] 	[256, 256, 0, 0] 	[256, 14, 14] 	8.48104620915e-08
RELU 	[256, 14, 14] 	[256, 256, 0, 0] 	[256, 14, 14] 	2.12026155229e-08
CONV_4d2 	[256, 14, 14] 	[256, 256, 3, 3] 	[256, 14, 14] 	9.78262717839e-05
BNORM 	[256, 14, 14] 	[256, 256, 0, 0] 	[256, 14, 14] 	8.48104620915e-08
RELU 	[256, 14, 14] 	[256, 256, 0, 0] 	[256, 14, 14] 	2.12026155229e-08
CONV_4d3 	[256, 14, 14] 	[256, 1024, 1, 1] 	[1024, 14, 14] 	4.34783430151e-05
BNORM 	[1024, 14, 14] 	[1024, 1024, 0, 0] 	[1024, 14, 14] 	3.39241848366e-07
ADD 	[1024, 14, 14] 	[1024, 1024, 0, 0] 	[1024, 14, 14] 	8.48104620915e-08
RELU 	[1024, 14, 14] 	[1024, 1024, 0, 0] 	[1024, 14, 14] 	8.48104620915e-08
CONV_4e1 	[1024, 14, 14] 	[1024, 256, 1, 1] 	[256, 14, 14] 	4.34783430151e-05
BNORM 	[256, 14, 14] 	[256, 256, 0, 0] 	[256, 14, 14] 	8.48104620915e-08
RELU 	[256, 14, 14] 	[256, 256, 0, 0] 	[256, 14, 14] 	2.12026155229e-08
CONV_4e2 	[256, 14, 14] 	[256, 256, 3, 3] 	[256, 14, 14] 	9.78262717839e-05
BNORM 	[256, 14, 14] 	[256, 256, 0, 0] 	[256, 14, 14] 	8.48104620915e-08
RELU 	[256, 14, 14] 	[256, 256, 0, 0] 	[256, 14, 14] 	2.12026155229e-08
CONV_4e3 	[256, 14, 14] 	[256, 1024, 1, 1] 	[1024, 14, 14] 	4.34783430151e-05
BNORM 	[1024, 14, 14] 	[1024, 1024, 0, 0] 	[1024, 14, 14] 	3.39241848366e-07
ADD 	[1024, 14, 14] 	[1024, 1024, 0, 0] 	[1024, 14, 14] 	8.48104620915e-08
RELU 	[1024, 14, 14] 	[1024, 1024, 0, 0] 	[1024, 14, 14] 	8.48104620915e-08
CONV_4f1 	[1024, 14, 14] 	[1024, 256, 1, 1] 	[256, 14, 14] 	4.34783430151e-05
BNORM 	[256, 14, 14] 	[256, 256, 0, 0] 	[256, 14, 14] 	8.48104620915e-08
RELU 	[256, 14, 14] 	[256, 256, 0, 0] 	[256, 14, 14] 	2.12026155229e-08
CONV_4f2 	[256, 14, 14] 	[256, 256, 3, 3] 	[256, 14, 14] 	9.78262717839e-05
BNORM 	[256, 14, 14] 	[256, 256, 0, 0] 	[256, 14, 14] 	8.48104620915e-08
RELU 	[256, 14, 14] 	[256, 256, 0, 0] 	[256, 14, 14] 	2.12026155229e-08
CONV_4f3 	[256, 14, 14] 	[256, 1024, 1, 1] 	[1024, 14, 14] 	4.34783430151e-05
BNORM 	[1024, 14, 14] 	[1024, 1024, 0, 0] 	[1024, 14, 14] 	3.39241848366e-07
ADD 	[1024, 14, 14] 	[1024, 1024, 0, 0] 	[1024, 14, 14] 	8.48104620915e-08
RELU 	[1024, 14, 14] 	[1024, 1024, 0, 0] 	[1024, 14, 14] 	8.48104620915e-08
CONV_5a1 	[1024, 14, 14] 	[1024, 512, 1, 1] 	[512, 7, 7] 	2.18222511439e-05
BNORM 	[512, 7, 7] 	[512, 512, 0, 0] 	[512, 7, 7] 	4.24052310458e-08
RELU 	[512, 7, 7] 	[512, 512, 0, 0] 	[512, 7, 7] 	1.06013077614e-08
CONV_5a2 	[512, 7, 7] 	[512, 512, 3, 3] 	[512, 7, 7] 	9.82001301474e-05
BNORM 	[512, 7, 7] 	[512, 512, 0, 0] 	[512, 7, 7] 	4.24052310458e-08
RELU 	[512, 7, 7] 	[512, 512, 0, 0] 	[512, 7, 7] 	1.06013077614e-08
CONV_5a3 	[512, 7, 7] 	[512, 2048, 1, 1] 	[2048, 7, 7] 	4.36445022877e-05
BNORM 	[2048, 7, 7] 	[2048, 2048, 0, 0] 	[2048, 7, 7] 	1.69620924183e-07
ADD 	[2048, 7, 7] 	[2048, 2048, 0, 0] 	[2048, 7, 7] 	4.24052310458e-08
RELU 	[2048, 7, 7] 	[2048, 2048, 0, 0] 	[2048, 7, 7] 	4.24052310458e-08
CONV_5b1 	[2048, 7, 7] 	[2048, 512, 1, 1] 	[512, 7, 7] 	4.36445022877e-05
BNORM 	[512, 7, 7] 	[512, 512, 0, 0] 	[512, 7, 7] 	4.24052310458e-08
RELU 	[512, 7, 7] 	[512, 512, 0, 0] 	[512, 7, 7] 	1.06013077614e-08
CONV_5b2 	[512, 7, 7] 	[512, 512, 3, 3] 	[512, 7, 7] 	9.82001301474e-05
BNORM 	[512, 7, 7] 	[512, 512, 0, 0] 	[512, 7, 7] 	4.24052310458e-08
RELU 	[512, 7, 7] 	[512, 512, 0, 0] 	[512, 7, 7] 	1.06013077614e-08
CONV_5b3 	[512, 7, 7] 	[512, 2048, 1, 1] 	[2048, 7, 7] 	4.36445022877e-05
BNORM 	[2048, 7, 7] 	[2048, 2048, 0, 0] 	[2048, 7, 7] 	1.69620924183e-07
ADD 	[2048, 7, 7] 	[2048, 2048, 0, 0] 	[2048, 7, 7] 	4.24052310458e-08
RELU 	[2048, 7, 7] 	[2048, 2048, 0, 0] 	[2048, 7, 7] 	4.24052310458e-08
CONV_5c1 	[2048, 7, 7] 	[2048, 512, 1, 1] 	[512, 7, 7] 	4.36445022877e-05
BNORM 	[512, 7, 7] 	[512, 512, 0, 0] 	[512, 7, 7] 	4.24052310458e-08
RELU 	[512, 7, 7] 	[512, 512, 0, 0] 	[512, 7, 7] 	1.06013077614e-08
CONV_5c2 	[512, 7, 7] 	[512, 512, 3, 3] 	[512, 7, 7] 	9.82001301474e-05
BNORM 	[512, 7, 7] 	[512, 512, 0, 0] 	[512, 7, 7] 	4.24052310458e-08
RELU 	[512, 7, 7] 	[512, 512, 0, 0] 	[512, 7, 7] 	1.06013077614e-08
CONV_5c3 	[512, 7, 7] 	[512, 2048, 1, 1] 	[2048, 7, 7] 	4.36445022877e-05
BNORM 	[2048, 7, 7] 	[2048, 2048, 0, 0] 	[2048, 7, 7] 	1.69620924183e-07
ADD 	[2048, 7, 7] 	[2048, 2048, 0, 0] 	[2048, 7, 7] 	4.24052310458e-08
RELU 	[2048, 7, 7] 	[2048, 2048, 0, 0] 	[2048, 7, 7] 	4.24052310458e-08
APOOL 	[2048, 7, 7] 	[0, 0, 7, 7] 	[2048, 1, 1] 	8.68459131817e-05
FC6 	[2048, 1, 1] 	[2048, 1000, 1, 1] 	[1000, 1, 1] 	1.29811931773e-06
****
global value g GOAL 1
MAX_MINIBATCH 262144.0
MAX_RANK 4096.0
FIX_MIRCO_BATCH 64.0
NODE_SPEED 7.8e+12
MEM_PER_NODE 16000000000.0
ITEM_PER_NODE 4000000000.0
BW_FACTOR 8e-11
LATENCY_FACTOR 5e-07
TOTAL_SAMPLE 1280000.0
GPU_PER_NODE 2

{'maxOut': 817216, 'totalOut': 14819368, 'minFilter': 64, 'minChannel': 64, 'totalIn': 14971596, 'totalComp': 0.003119502, 'totalWeight': 22734016, 'minW': 7}
==========DATA + SPATIAL PARALLELISM==========
ResNet50 160 7
max_rank 7
totalComp  0.00155062550516 2
maxSamplePerNode: 34.9007366295
Use FIX_MIRCO_BATCH set by user,  64.0
2.0 0.00155062550516
12.9662592 10.6360448 36.7344256
totalComp  0.00155062550516 2
maxSamplePerNode: 34.9007366295
Use FIX_MIRCO_BATCH set by user,  64.0
4.0 0.00155062550516
6.4831296 5.3180224 91.296064
totalComp  0.00155062550516 2
maxSamplePerNode: 34.9007366295
Use FIX_MIRCO_BATCH set by user,  64.0
8.0 0.00155062550516
3.2415648 2.6590112 228.33946
totalComp  0.00155062550516 2
maxSamplePerNode: 34.9007366295
Use FIX_MIRCO_BATCH set by user,  64.0
16.0 0.00155062550516
1.6207824 1.3295056 132.9631428
totalComp  0.00155062550516 2
maxSamplePerNode: 34.9007366295
Use FIX_MIRCO_BATCH set by user,  64.0
32.0 0.00155062550516
0.8103912 0.6647528 71.6345746
totalComp  0.00155062550516 2
maxSamplePerNode: 34.9007366295
Use FIX_MIRCO_BATCH set by user,  64.0
64.0 0.00155062550516
0.4051956 0.3323764 37.5601881
totalComp  0.00155062550516 2
maxSamplePerNode: 34.9007366295
Use FIX_MIRCO_BATCH set by user,  64.0
128.0 0.00155062550516
0.20292195648 0.16645410112 19.7090408408
totalComp  0.00155062550516 2
maxSamplePerNode: 34.9007366295
Use FIX_MIRCO_BATCH set by user,  64.0
256.0 0.00155062550516
0.10178513472 0.08349295168 10.5896565814
totalComp  0.00155062550516 2
maxSamplePerNode: 34.9007366295
Use FIX_MIRCO_BATCH set by user,  64.0
512.0 0.00155062550516
0.05121672384 0.04201237696 5.97305270432
totalComp  0.00155062550516 2
maxSamplePerNode: 34.9007366295
Use FIX_MIRCO_BATCH set by user,  64.0
1024.0 0.00155062550516
0.0259325184 0.0212720896 3.6633476864
totalComp  0.00155062550516 2
maxSamplePerNode: 34.9007366295
Use FIX_MIRCO_BATCH set by user,  64.0
2048.0 0.00155062550516
0.0129662592 0.0106360448 2.467280944
totalComp  0.00155062550516 2
maxSamplePerNode: 34.9007366295
Use FIX_MIRCO_BATCH set by user,  64.0
4096.0 0.00155062550516
0.0064831296 0.0053180224 1.8683950472
==================SUMMARY==================
name		B	p	Mem (bytes)	Tcomp (s)	Tcomm(s)	Time(s)	Cost(min*Node)
ds		64.0	2.0	29188715008.0	1984.8006466	60.3367296	2045.1373762	70.0
ds		128.0	4.0	29188715008.0	992.400323302	103.097216	1095.4975393	76.0
ds		256.0	8.0	29188715008.0	496.200161651	234.240036	730.440197651	104.0
ds		512.0	16.0	29188715008.0	248.100080826	135.9134308	384.013511626	112.0
ds		1024.0	32.0	29188715008.0	124.050040413	73.1097186	197.159759013	128.0
ds		2048.0	64.0	29188715008.0	62.0250202064	38.2977601	100.322780306	128.0
ds		4096.0	128.0	29188715008.0	31.0125101032	20.0784168984	51.0909270016	128.0
ds		8192.0	256.0	29188715008.0	15.5062550516	10.7749346678	26.2811897194	256.0
ds		16384.0	512.0	29188715008.0	7.7531275258	6.06628180512	13.8194093309	512.0
ds		32768.0	1024.0	29188715008.0	3.8765637629	3.7105522944	7.5871160573	1024.0
ds		65536.0	2048.0	29188715008.0	1.93828188145	2.490883248	4.42916512945	2048.0
ds		131072.0	4096.0	29188715008.0	0.969140940725	1.8801961992	2.84933713992	4096.0
