#######################################################
-net ./COSMOFLOW.net_256 -plat ABCI.plat -goal 1 --paratype ['ds']
--cmaxB 262144.0 --cmaxp 32.0 --cBon 8.0
====================================
Read platform from  ABCI.plat
====================================
FILE:  ABCI.plat
MEM_PER_NODE:  16000000000.0
NODE_SPEED:  7.8e+12
BANDWIDTH:  12500000000.0
LATENCY:  5e-07
MAX_NODE:  4096.0
====================================
Read dataset and DNN from  ./COSMOFLOW.net_256
====================================
DATASET:  CosmoFlow
DATASET SIZE:  1584.0
SAMPLE SIZE: 4x256x256x256 67108864
====================================
Model:  CosmoFlow
LAYER	 x[C,W,H] 	 w[C,F,K,K] 	 y[F,W,H] 	 TComp
0 CONV_1 	[4, 256, 256, 256] = 67108864 	[4, 16, 3, 3, 3] = 1728 	[16, 256, 256, 256] = 268435456 	0.263517898
1 RELU 	[16, 256, 256, 256] = 268435456 	[16, 16, 0, 0, 0] = 0 	[16, 256, 256, 256] = 268435456 	0.0
2 APOOL 	[16, 256, 256, 256] = 268435456 	[0, 0, 2, 2, 2] = 0 	[16, 128, 128, 128] = 33554432 	0.0
3 CONV_2 	[16, 128, 128, 128] = 33554432 	[16, 32, 3, 3, 3] = 13824 	[32, 128, 128, 128] = 67108864 	0.0
4 RELU 	[32, 2128, 128, 128] = 1115684864 	[32, 32, 0, 0, 0] = 0 	[32, 128, 128, 128] = 67108864 	0.0
5 APOOL 	[32, 128, 128, 128] = 67108864 	[0, 0, 2, 2, 2] = 0 	[32, 64, 64, 64] = 8388608 	0.0
6 CONV_3 	[32, 64, 64, 64] = 8388608 	[32, 64, 3, 3, 3] = 55296 	[64, 64, 64, 64] = 16777216 	0.0
7 RELU 	[64, 64, 64, 64] = 16777216 	[64, 64, 0, 0, 0] = 0 	[64, 64, 64, 64] = 16777216 	0.0
8 APOOL 	[64, 64, 64, 64] = 16777216 	[0, 0, 2, 2, 2] = 0 	[64, 32, 32, 32] = 2097152 	0.0
9 CONV_4 	[64, 32, 32, 32] = 2097152 	[64, 128, 3, 3, 3] = 221184 	[128, 16, 16, 16] = 524288 	0.0
10 RELU 	[128, 16, 16, 16] = 524288 	[128, 128, 0, 0, 0] = 0 	[128, 16, 16, 16] = 524288 	0.0
11 APOOL 	[128, 16, 16, 16] = 524288 	[0, 0, 2, 2, 2] = 0 	[128, 8, 8, 8] = 65536 	0.0
12 CONV_5 	[128, 8, 8, 8] = 65536 	[128, 256, 2, 2, 2] = 262144 	[256, 8, 8, 8] = 131072 	0.0
13 RELU 	[256, 8, 8, 8] = 131072 	[256, 256, 0, 0, 0] = 0 	[256, 8, 8, 8] = 131072 	0.0
14 APOOL 	[256, 8, 8, 8] = 131072 	[0, 0, 2, 2, 2] = 0 	[256, 4, 4, 4] = 16384 	0.0
15 CONV_6 	[256, 4, 4, 4] = 16384 	[256, 256, 2, 2, 2] = 524288 	[256, 4, 4, 4] = 16384 	0.0
16 RELU 	[256, 4, 4, 4] = 16384 	[256, 256, 0, 0, 0] = 0 	[256, 4, 4, 4] = 16384 	0.0
17 APOOL 	[256, 4, 4, 4] = 16384 	[0, 0, 2, 2, 2] = 0 	[256, 2, 2, 2] = 2048 	0.0
18 CONV_7 	[256, 2, 2, 2] = 2048 	[256, 128, 2, 2, 2] = 262144 	[128, 1, 1, 1] = 128 	0.0
19 RELU 	[128, 1, 1, 1] = 128 	[128, 128, 0, 0, 0] = 0 	[128, 1, 1, 1] = 128 	0.0
20 FC_1 	[128, 1, 1, 1] = 128 	[128, 2048, 1, 1, 1] = 262144 	[2048, 1, 1, 1] = 2048 	0.0
21 RELU 	[2048, 1, 1, 1] = 2048 	[2048, 2048, 0, 0, 0] = 0 	[2048, 1, 1, 1] = 2048 	0.0
22 FC_2 	[2048, 1, 1, 1] = 2048 	[2048, 256, 1, 1, 1] = 524288 	[256, 1, 1, 1] = 256 	0.0
23 RELU 	[256, 1, 1, 1] = 256 	[256, 256, 0, 0, 0] = 0 	[256, 1, 1, 1] = 256 	0.0
24 FC_3 	[256, 1, 1, 1] = 256 	[256, 4, 1, 1, 1] = 1024 	[4, 1, 1, 1] = 4 	0.0
Model with 25 layers
Total |x|: 464228736 items
Total |y|: 397119876 items
Total |w|: 2128064 items
Total comp: 0.263517898 sec
Max comp: 0.263517898 sec ==>3.7948086547samples for 100% GPU ultilization
Max |y|: 268435456 items
Layer config [1, 0, 0, 1, 0, 0, 0, 0, 0, 0, 0, 0, 0, 0, 0, 0, 0, 0, 0, 0, 0, 0, 0, 0, 0]
====================================
Model:  CosmoFlow
LAYER	 x[C,W,H] 	 w[C,F,K,K] 	 y[F,W,H] 	 TComp
CONV_1 	[4, 256, 256, 256] 	[4, 16, 3, 3, 3] 	[16, 256, 256, 256] 	0.0985259468151
RELU 	[16, 256, 256, 256] 	[16, 16, 0, 0, 0] 	[16, 256, 256, 256] 	0.000456138635865
APOOL 	[16, 256, 256, 256] 	[0, 0, 2, 2, 2] 	[16, 128, 128, 128] 	0.00729821817384
CONV_2 	[16, 128, 128, 128] 	[16, 32, 3, 3, 3] 	[32, 128, 128, 128] 	0.0985259570921
RELU 	[32, 2128, 128, 128] 	[32, 32, 0, 0, 0] 	[32, 128, 128, 128] 	0.000114034658966
APOOL 	[32, 128, 128, 128] 	[0, 0, 2, 2, 2] 	[32, 64, 64, 64] 	0.00364910908692
CONV_3 	[32, 64, 64, 64] 	[32, 64, 3, 3, 3] 	[64, 64, 64, 64] 	0.0492630196543
RELU 	[64, 64, 64, 64] 	[64, 64, 0, 0, 0] 	[64, 64, 64, 64] 	2.85086647416e-05
APOOL 	[64, 64, 64, 64] 	[0, 0, 2, 2, 2] 	[64, 32, 32, 32] 	0.00182455454346
CONV_4 	[64, 32, 32, 32] 	[64, 128, 3, 3, 3] 	[128, 16, 16, 16] 	0.00307912371542
RELU 	[128, 16, 16, 16] 	[128, 128, 0, 0, 0] 	[128, 16, 16, 16] 	8.90895773174e-07
APOOL 	[128, 16, 16, 16] 	[0, 0, 2, 2, 2] 	[128, 8, 8, 8] 	0.000114034658966
CONV_5 	[128, 8, 8, 8] 	[128, 256, 2, 2, 2] 	[256, 8, 8, 8] 	0.000456361359809
RELU 	[256, 8, 8, 8] 	[256, 256, 0, 0, 0] 	[256, 8, 8, 8] 	2.22723943294e-07
APOOL 	[256, 8, 8, 8] 	[0, 0, 2, 2, 2] 	[256, 4, 4, 4] 	5.70173294832e-05
CONV_6 	[256, 4, 4, 4] 	[256, 256, 2, 2, 2] 	[256, 4, 4, 4] 	0.000114480106853
RELU 	[256, 4, 4, 4] 	[256, 256, 0, 0, 0] 	[256, 4, 4, 4] 	2.78404929117e-08
APOOL 	[256, 4, 4, 4] 	[0, 0, 2, 2, 2] 	[256, 2, 2, 2] 	7.1271661854e-06
CONV_7 	[256, 2, 2, 2] 	[256, 128, 2, 2, 2] 	[128, 1, 1, 1] 	1.11361971647e-06
RELU 	[128, 1, 1, 1] 	[128, 128, 0, 0, 0] 	[128, 1, 1, 1] 	2.17503850873e-10
FC_1 	[128, 1, 1, 1] 	[128, 2048, 1, 1, 1] 	[2048, 1, 1, 1] 	6.68171829881e-07
RELU 	[2048, 1, 1, 1] 	[2048, 2048, 0, 0, 0] 	[2048, 1, 1, 1] 	3.48006161396e-09
FC_2 	[2048, 1, 1, 1] 	[2048, 256, 1, 1, 1] 	[256, 1, 1, 1] 	1.33634365976e-06
RELU 	[256, 1, 1, 1] 	[256, 256, 0, 0, 0] 	[256, 1, 1, 1] 	4.35007701745e-10
FC_3 	[256, 1, 1, 1] 	[256, 4, 1, 1, 1] 	[4, 1, 1, 1] 	2.61004621047e-09
****
global value g GOAL 1
MAX_MINIBATCH 262144.0
MAX_RANK 32.0
FIX_MIRCO_BATCH 8.0
NODE_SPEED 7.8e+12
MEM_PER_NODE 16000000000.0
ITEM_PER_NODE 4000000000.0
BW_FACTOR 8e-11
LATENCY_FACTOR 5e-07
TOTAL_SAMPLE 1584.0
GPU_PER_NODE 4

{'maxOut': 268435456, 'totalOut': 397119876, 'minFilter': 16, 'minChannel': 16, 'totalIn': 464228736, 'totalComp': 0.263517898, 'totalWeight': 2128064, 'minW': 128}
==========DATA + SPATIAL PARALLELISM==========
CosmoFlow 3 128
max_rank 32.0
totalComp  0.0570173327865 4
maxSamplePerNode: 2.10765393012
Use FIX_MIRCO_BATCH set by user,  8.0
4.0 0.0570173327865 0.456138662292
GPUDIRECT False
Halo_FW 0 0.014388828 8388608.0 0.00300011 5e-10
Halo_FW 3 0.014388828 8388608.0 0.00300011 5e-10
Thalo 0.057555312
GPUDIRECT False
Allgather 0.210326922 2147483648.0 0.00300011 1.25e-10
All-to-All 0.814306698
GPUDIRECT 1
LOCAL Allreduce 0.00030936768 9e-06 2e-11 2128064
GPUDIRECT True
GLOBAL Allreduce 0.0 9e-06 1.6e-10 2128064
SUMARY 0.057555312 0.420653844 0.00030936768 198.0 0.456138662292
1584.0 8.0 198.0
ITER TIME: 4.0 198.0 0.456138662292 0.47851852368 0.057555312 0.420653844 0.00030936768
totalComp  0.0570173327865 4
maxSamplePerNode: 2.10765393012
Use FIX_MIRCO_BATCH set by user,  8.0
8.0 0.0570173327865 0.456138662292
GPUDIRECT False
Halo_FW 0 0.014388828 8388608.0 0.00300011 5e-10
Halo_FW 3 0.014388828 8388608.0 0.00300011 5e-10
Thalo 0.057555312
GPUDIRECT False
Allgather 0.210326922 2147483648.0 0.00300011 1.25e-10
All-to-All 0.814306698
GPUDIRECT 1
LOCAL Allreduce 0.00030936768 9e-06 2e-11 2128064
GPUDIRECT True
GLOBAL Allreduce 0.00552846384 4.031e-05 6.4e-10 2128064
SUMARY 0.057555312 0.420653844 0.00583783152 99.0 0.456138662292
1584.0 16.0 99.0
ITER TIME: 8.0 99.0 0.456138662292 0.48404698752 0.057555312 0.420653844 0.00583783152
totalComp  0.0570173327865 4
maxSamplePerNode: 2.10765393012
Use FIX_MIRCO_BATCH set by user,  8.0
16.0 0.0570173327865 0.456138662292
GPUDIRECT False
Halo_FW 0 0.014388828 8388608.0 0.00300011 5e-10
Halo_FW 3 0.014388828 8388608.0 0.00300011 5e-10
Thalo 0.057555312
GPUDIRECT False
Allgather 0.210326922 2147483648.0 0.00300011 1.25e-10
All-to-All 0.814306698
GPUDIRECT 1
LOCAL Allreduce 0.00030936768 9e-06 2e-11 2128064
GPUDIRECT True
GLOBAL Allreduce 0.00841362576 4.031e-05 6.4e-10 2128064
SUMARY 0.057555312 0.420653844 0.00872299344 50.0 0.451577275669
1584.0 32.0 50.0
ITER TIME: 16.0 50.0 0.451577275669 0.48693214944 0.057555312 0.420653844 0.00872299344
totalComp  0.0570173327865 4
maxSamplePerNode: 2.10765393012
Use FIX_MIRCO_BATCH set by user,  8.0
32.0 0.0570173327865 0.456138662292
GPUDIRECT False
Halo_FW 0 0.014388828 8388608.0 0.00300011 5e-10
Halo_FW 3 0.014388828 8388608.0 0.00300011 5e-10
Thalo 0.057555312
GPUDIRECT False
Allgather 0.210326922 2147483648.0 0.00300011 1.25e-10
All-to-All 0.814306698
GPUDIRECT 1
LOCAL Allreduce 0.00030936768 9e-06 2e-11 2128064
GPUDIRECT True
GLOBAL Allreduce 0.01009806672 4.031e-05 6.4e-10 2128064
SUMARY 0.057555312 0.420653844 0.0104074344 25.0 0.451577275669
1584.0 64.0 25.0
ITER TIME: 32.0 25.0 0.451577275669 0.4886165904 0.057555312 0.420653844 0.0104074344
==================SUMMARY==================
name		B	p	Mem (bytes)	Tcomp (s)	Tcomm(s)	Time(s)	Cost(min*Node)
ds		8.0	4.0	60683437568.0	90.3154551338	94.7466676886	185.062122822	16.0
ds		16.0	8.0	60683437568.0	45.1577275669	47.9206517645	93.0783793314	16.0
ds		32.0	16.0	60683437568.0	22.5788637835	24.346607472	46.9254712555	16.0
ds		64.0	32.0	60683437568.0	11.2894318917	12.21541476	23.5048466517	32.0
#######################################################
-net ./COSMOFLOW.net_256 -plat ABCI.plat -goal 1 --paratype ['ds']
--cmaxB 262144.0 --cmaxp 32.0 --cBon 1.0
====================================
Read platform from  ABCI.plat
====================================
FILE:  ABCI.plat
MEM_PER_NODE:  16000000000.0
NODE_SPEED:  7.8e+12
BANDWIDTH:  12500000000.0
LATENCY:  5e-07
MAX_NODE:  4096.0
====================================
Read dataset and DNN from  ./COSMOFLOW.net_256
====================================
DATASET:  CosmoFlow
DATASET SIZE:  1584.0
SAMPLE SIZE: 4x256x256x256 67108864
====================================
Model:  CosmoFlow
LAYER	 x[C,W,H] 	 w[C,F,K,K] 	 y[F,W,H] 	 TComp
0 CONV_1 	[4, 256, 256, 256] = 67108864 	[4, 16, 3, 3, 3] = 1728 	[16, 256, 256, 256] = 268435456 	0.263517898
1 RELU 	[16, 256, 256, 256] = 268435456 	[16, 16, 0, 0, 0] = 0 	[16, 256, 256, 256] = 268435456 	0.0
2 APOOL 	[16, 256, 256, 256] = 268435456 	[0, 0, 2, 2, 2] = 0 	[16, 128, 128, 128] = 33554432 	0.0
3 CONV_2 	[16, 128, 128, 128] = 33554432 	[16, 32, 3, 3, 3] = 13824 	[32, 128, 128, 128] = 67108864 	0.0
4 RELU 	[32, 2128, 128, 128] = 1115684864 	[32, 32, 0, 0, 0] = 0 	[32, 128, 128, 128] = 67108864 	0.0
5 APOOL 	[32, 128, 128, 128] = 67108864 	[0, 0, 2, 2, 2] = 0 	[32, 64, 64, 64] = 8388608 	0.0
6 CONV_3 	[32, 64, 64, 64] = 8388608 	[32, 64, 3, 3, 3] = 55296 	[64, 64, 64, 64] = 16777216 	0.0
7 RELU 	[64, 64, 64, 64] = 16777216 	[64, 64, 0, 0, 0] = 0 	[64, 64, 64, 64] = 16777216 	0.0
8 APOOL 	[64, 64, 64, 64] = 16777216 	[0, 0, 2, 2, 2] = 0 	[64, 32, 32, 32] = 2097152 	0.0
9 CONV_4 	[64, 32, 32, 32] = 2097152 	[64, 128, 3, 3, 3] = 221184 	[128, 16, 16, 16] = 524288 	0.0
10 RELU 	[128, 16, 16, 16] = 524288 	[128, 128, 0, 0, 0] = 0 	[128, 16, 16, 16] = 524288 	0.0
11 APOOL 	[128, 16, 16, 16] = 524288 	[0, 0, 2, 2, 2] = 0 	[128, 8, 8, 8] = 65536 	0.0
12 CONV_5 	[128, 8, 8, 8] = 65536 	[128, 256, 2, 2, 2] = 262144 	[256, 8, 8, 8] = 131072 	0.0
13 RELU 	[256, 8, 8, 8] = 131072 	[256, 256, 0, 0, 0] = 0 	[256, 8, 8, 8] = 131072 	0.0
14 APOOL 	[256, 8, 8, 8] = 131072 	[0, 0, 2, 2, 2] = 0 	[256, 4, 4, 4] = 16384 	0.0
15 CONV_6 	[256, 4, 4, 4] = 16384 	[256, 256, 2, 2, 2] = 524288 	[256, 4, 4, 4] = 16384 	0.0
16 RELU 	[256, 4, 4, 4] = 16384 	[256, 256, 0, 0, 0] = 0 	[256, 4, 4, 4] = 16384 	0.0
17 APOOL 	[256, 4, 4, 4] = 16384 	[0, 0, 2, 2, 2] = 0 	[256, 2, 2, 2] = 2048 	0.0
18 CONV_7 	[256, 2, 2, 2] = 2048 	[256, 128, 2, 2, 2] = 262144 	[128, 1, 1, 1] = 128 	0.0
19 RELU 	[128, 1, 1, 1] = 128 	[128, 128, 0, 0, 0] = 0 	[128, 1, 1, 1] = 128 	0.0
20 FC_1 	[128, 1, 1, 1] = 128 	[128, 2048, 1, 1, 1] = 262144 	[2048, 1, 1, 1] = 2048 	0.0
21 RELU 	[2048, 1, 1, 1] = 2048 	[2048, 2048, 0, 0, 0] = 0 	[2048, 1, 1, 1] = 2048 	0.0
22 FC_2 	[2048, 1, 1, 1] = 2048 	[2048, 256, 1, 1, 1] = 524288 	[256, 1, 1, 1] = 256 	0.0
23 RELU 	[256, 1, 1, 1] = 256 	[256, 256, 0, 0, 0] = 0 	[256, 1, 1, 1] = 256 	0.0
24 FC_3 	[256, 1, 1, 1] = 256 	[256, 4, 1, 1, 1] = 1024 	[4, 1, 1, 1] = 4 	0.0
Model with 25 layers
Total |x|: 464228736 items
Total |y|: 397119876 items
Total |w|: 2128064 items
Total comp: 0.263517898 sec
Max comp: 0.263517898 sec ==>3.7948086547samples for 100% GPU ultilization
Max |y|: 268435456 items
Layer config [1, 0, 0, 1, 0, 0, 0, 0, 0, 0, 0, 0, 0, 0, 0, 0, 0, 0, 0, 0, 0, 0, 0, 0, 0]
====================================
Model:  CosmoFlow
LAYER	 x[C,W,H] 	 w[C,F,K,K] 	 y[F,W,H] 	 TComp
CONV_1 	[4, 256, 256, 256] 	[4, 16, 3, 3, 3] 	[16, 256, 256, 256] 	0.0985259468151
RELU 	[16, 256, 256, 256] 	[16, 16, 0, 0, 0] 	[16, 256, 256, 256] 	0.000456138635865
APOOL 	[16, 256, 256, 256] 	[0, 0, 2, 2, 2] 	[16, 128, 128, 128] 	0.00729821817384
CONV_2 	[16, 128, 128, 128] 	[16, 32, 3, 3, 3] 	[32, 128, 128, 128] 	0.0985259570921
RELU 	[32, 2128, 128, 128] 	[32, 32, 0, 0, 0] 	[32, 128, 128, 128] 	0.000114034658966
APOOL 	[32, 128, 128, 128] 	[0, 0, 2, 2, 2] 	[32, 64, 64, 64] 	0.00364910908692
CONV_3 	[32, 64, 64, 64] 	[32, 64, 3, 3, 3] 	[64, 64, 64, 64] 	0.0492630196543
RELU 	[64, 64, 64, 64] 	[64, 64, 0, 0, 0] 	[64, 64, 64, 64] 	2.85086647416e-05
APOOL 	[64, 64, 64, 64] 	[0, 0, 2, 2, 2] 	[64, 32, 32, 32] 	0.00182455454346
CONV_4 	[64, 32, 32, 32] 	[64, 128, 3, 3, 3] 	[128, 16, 16, 16] 	0.00307912371542
RELU 	[128, 16, 16, 16] 	[128, 128, 0, 0, 0] 	[128, 16, 16, 16] 	8.90895773174e-07
APOOL 	[128, 16, 16, 16] 	[0, 0, 2, 2, 2] 	[128, 8, 8, 8] 	0.000114034658966
CONV_5 	[128, 8, 8, 8] 	[128, 256, 2, 2, 2] 	[256, 8, 8, 8] 	0.000456361359809
RELU 	[256, 8, 8, 8] 	[256, 256, 0, 0, 0] 	[256, 8, 8, 8] 	2.22723943294e-07
APOOL 	[256, 8, 8, 8] 	[0, 0, 2, 2, 2] 	[256, 4, 4, 4] 	5.70173294832e-05
CONV_6 	[256, 4, 4, 4] 	[256, 256, 2, 2, 2] 	[256, 4, 4, 4] 	0.000114480106853
RELU 	[256, 4, 4, 4] 	[256, 256, 0, 0, 0] 	[256, 4, 4, 4] 	2.78404929117e-08
APOOL 	[256, 4, 4, 4] 	[0, 0, 2, 2, 2] 	[256, 2, 2, 2] 	7.1271661854e-06
CONV_7 	[256, 2, 2, 2] 	[256, 128, 2, 2, 2] 	[128, 1, 1, 1] 	1.11361971647e-06
RELU 	[128, 1, 1, 1] 	[128, 128, 0, 0, 0] 	[128, 1, 1, 1] 	2.17503850873e-10
FC_1 	[128, 1, 1, 1] 	[128, 2048, 1, 1, 1] 	[2048, 1, 1, 1] 	6.68171829881e-07
RELU 	[2048, 1, 1, 1] 	[2048, 2048, 0, 0, 0] 	[2048, 1, 1, 1] 	3.48006161396e-09
FC_2 	[2048, 1, 1, 1] 	[2048, 256, 1, 1, 1] 	[256, 1, 1, 1] 	1.33634365976e-06
RELU 	[256, 1, 1, 1] 	[256, 256, 0, 0, 0] 	[256, 1, 1, 1] 	4.35007701745e-10
FC_3 	[256, 1, 1, 1] 	[256, 4, 1, 1, 1] 	[4, 1, 1, 1] 	2.61004621047e-09
****
global value g GOAL 1
MAX_MINIBATCH 262144.0
MAX_RANK 32.0
FIX_MIRCO_BATCH 1.0
NODE_SPEED 7.8e+12
MEM_PER_NODE 16000000000.0
ITEM_PER_NODE 4000000000.0
BW_FACTOR 8e-11
LATENCY_FACTOR 5e-07
TOTAL_SAMPLE 1584.0
GPU_PER_NODE 4

{'maxOut': 268435456, 'totalOut': 397119876, 'minFilter': 16, 'minChannel': 16, 'totalIn': 464228736, 'totalComp': 0.263517898, 'totalWeight': 2128064, 'minW': 128}
==========DATA + SPATIAL PARALLELISM==========
CosmoFlow 3 128
max_rank 32.0
totalComp  0.0570173327865 4
maxSamplePerNode: 2.10765393012
Use FIX_MIRCO_BATCH set by user,  1.0
4.0 0.0570173327865 0.0570173327865
GPUDIRECT False
Halo_FW 0 0.007048796 1048576.0 0.00300011 5e-10
Halo_FW 3 0.007048796 1048576.0 0.00300011 5e-10
Thalo 0.028195184
GPUDIRECT False
Allgather 0.034166154 268435456.0 0.00300011 1.25e-10
All-to-All 0.109663626
GPUDIRECT 1
LOCAL Allreduce 0.00030936768 9e-06 2e-11 2128064
GPUDIRECT True
GLOBAL Allreduce 0.0 9e-06 1.6e-10 2128064
SUMARY 0.028195184 0.068332308 0.00030936768 1584.0 0.0570173327865
1584.0 1.0 1584.0
ITER TIME: 4.0 1584.0 0.0570173327865 0.09683685968 0.028195184 0.068332308 0.00030936768
totalComp  0.0570173327865 4
maxSamplePerNode: 2.10765393012
Use FIX_MIRCO_BATCH set by user,  1.0
8.0 0.0570173327865 0.0570173327865
GPUDIRECT False
Halo_FW 0 0.007048796 1048576.0 0.00300011 5e-10
Halo_FW 3 0.007048796 1048576.0 0.00300011 5e-10
Thalo 0.028195184
GPUDIRECT False
Allgather 0.034166154 268435456.0 0.00300011 1.25e-10
All-to-All 0.109663626
GPUDIRECT 1
LOCAL Allreduce 0.00030936768 9e-06 2e-11 2128064
GPUDIRECT True
GLOBAL Allreduce 0.00552846384 4.031e-05 6.4e-10 2128064
SUMARY 0.028195184 0.068332308 0.00583783152 792.0 0.0570173327865
1584.0 2.0 792.0
ITER TIME: 8.0 792.0 0.0570173327865 0.10236532352 0.028195184 0.068332308 0.00583783152
totalComp  0.0570173327865 4
maxSamplePerNode: 2.10765393012
Use FIX_MIRCO_BATCH set by user,  1.0
16.0 0.0570173327865 0.0570173327865
GPUDIRECT False
Halo_FW 0 0.007048796 1048576.0 0.00300011 5e-10
Halo_FW 3 0.007048796 1048576.0 0.00300011 5e-10
Thalo 0.028195184
GPUDIRECT False
Allgather 0.034166154 268435456.0 0.00300011 1.25e-10
All-to-All 0.109663626
GPUDIRECT 1
LOCAL Allreduce 0.00030936768 9e-06 2e-11 2128064
GPUDIRECT True
GLOBAL Allreduce 0.00841362576 4.031e-05 6.4e-10 2128064
SUMARY 0.028195184 0.068332308 0.00872299344 396.0 0.0570173327865
1584.0 4.0 396.0
ITER TIME: 16.0 396.0 0.0570173327865 0.10525048544 0.028195184 0.068332308 0.00872299344
totalComp  0.0570173327865 4
maxSamplePerNode: 2.10765393012
Use FIX_MIRCO_BATCH set by user,  1.0
32.0 0.0570173327865 0.0570173327865
GPUDIRECT False
Halo_FW 0 0.007048796 1048576.0 0.00300011 5e-10
Halo_FW 3 0.007048796 1048576.0 0.00300011 5e-10
Thalo 0.028195184
GPUDIRECT False
Allgather 0.034166154 268435456.0 0.00300011 1.25e-10
All-to-All 0.109663626
GPUDIRECT 1
LOCAL Allreduce 0.00030936768 9e-06 2e-11 2128064
GPUDIRECT True
GLOBAL Allreduce 0.01009806672 4.031e-05 6.4e-10 2128064
SUMARY 0.028195184 0.068332308 0.0104074344 198.0 0.0570173327865
1584.0 8.0 198.0
ITER TIME: 32.0 198.0 0.0570173327865 0.1069349264 0.028195184 0.068332308 0.0104074344
==================SUMMARY==================
name		B	p	Mem (bytes)	Tcomp (s)	Tcomm(s)	Time(s)	Cost(min*Node)
ds		1.0	4.0	7600326144.0	90.3154551338	153.389585733	243.705040867	20.0
ds		2.0	8.0	7600326144.0	45.1577275669	81.0733362278	126.231063795	24.0
ds		4.0	16.0	7600326144.0	22.5788637835	41.6791922342	64.2580560177	32.0
ds		8.0	32.0	7600326144.0	11.2894318917	21.1731154272	32.4625473189	32.0
